This file contains any messages produced by compilers while
running configure, to aid debugging if configure makes a mistake.

It was created by MPFR configure 4.2.1, which was
generated by GNU Autoconf 2.71.  Invocation command line was

  $ ./configure

## --------- ##
## Platform. ##
## --------- ##

hostname = extrastufff054-cdac-el351m8p9wv
uname -m = x86_64
uname -r = 6.1.91-060191-generic
uname -s = Linux
uname -v = #202407021948 SMP PREEMPT_DYNAMIC Tue Jul  2 20:28:47 UTC 2024

/usr/bin/uname -p = x86_64
/bin/uname -X     = unknown

/bin/arch              = x86_64
/usr/bin/arch -k       = unknown
/usr/convex/getsysinfo = unknown
/usr/bin/hostinfo      = unknown
/bin/machine           = unknown
/usr/bin/oslevel       = unknown
/bin/universe          = unknown

PATH: /workspace/.cargo/bin/
PATH: /home/gitpod/.pyenv/shims/
PATH: /workspace/go/bin/
PATH: /home/gitpod/.nix-profile/bin/
PATH: /home/gitpod/.vscode-server/cli/servers/Stable-fee1edb8d6d72a0ddff41e5f71a671c23ed924b9/server/bin/remote-cli/
PATH: /home/gitpod/.nix-profile/bin/
PATH: /home/gitpod/.local/bin/
PATH: /home/gitpod/.sdkman/candidates/maven/current/bin/
PATH: /home/gitpod/.sdkman/candidates/java/current/bin/
PATH: /home/gitpod/.sdkman/candidates/gradle/current/bin/
PATH: /workspace/.cargo/bin/
PATH: /home/gitpod/.rvm/gems/ruby-3.2.4/bin/
PATH: /home/gitpod/.rvm/gems/ruby-3.2.4@global/bin/
PATH: /home/gitpod/.rvm/rubies/ruby-3.2.4/bin/
PATH: /workspace/go/bin/
PATH: /home/gitpod/.nix-profile/bin/
PATH: /ide/bin/remote-cli/
PATH: /home/gitpod/go/bin/
PATH: /home/gitpod/go-packages/bin/
PATH: /home/gitpod/.nvm/versions/node/v20.15.1/bin/
PATH: /home/gitpod/.yarn/bin/
PATH: /home/gitpod/.pnpm/
PATH: /home/gitpod/.pyenv/bin/
PATH: /home/gitpod/.rvm/bin/
PATH: /home/gitpod/.cargo/bin/
PATH: /home/linuxbrew/.linuxbrew/bin/
PATH: /home/linuxbrew/.linuxbrew/sbin/
PATH: /home/gitpod/.local/bin/
PATH: /usr/games/
PATH: /usr/local/sbin/
PATH: /usr/local/bin/
PATH: /usr/sbin/
PATH: /usr/bin/
PATH: /sbin/
PATH: /bin/
PATH: /home/gitpod/.nvm/versions/node/v20.15.1/bin/
PATH: /home/gitpod/.rvm/bin/
PATH: /home/gitpod/.nvm/versions/node/v20.15.1/bin/
PATH: /home/gitpod/.rvm/bin/


## ----------- ##
## Core tests. ##
## ----------- ##

configure:2865: looking for aux files: ltmain.sh ar-lib compile missing install-sh config.guess config.sub
configure:2878:  trying ./
configure:2907:   ./ltmain.sh found
configure:2907:   ./ar-lib found
configure:2907:   ./compile found
configure:2907:   ./missing found
configure:2889:   ./install-sh found
configure:2907:   ./config.guess found
configure:2907:   ./config.sub found
configure:3026: checking build system type
configure:3041: result: x86_64-pc-linux-gnu
configure:3061: checking host system type
configure:3075: result: x86_64-pc-linux-gnu
configure:3113: checking for a BSD-compatible install
configure:3186: result: /usr/bin/install -c
configure:3197: checking whether build environment is sane
configure:3252: result: yes
configure:3411: checking for a race-free mkdir -p
configure:3455: result: /usr/bin/mkdir -p
configure:3462: checking for gawk
configure:3483: found /usr/bin/gawk
configure:3494: result: gawk
configure:3505: checking whether make sets $(MAKE)
configure:3528: result: yes
configure:3558: checking whether make supports nested variables
configure:3576: result: yes
configure:3708: checking whether to enable maintainer-specific portions of Makefiles
configure:3718: result: yes
configure:3742: checking for grep that handles long lines and -e
configure:3806: result: /usr/bin/grep
configure:3811: checking for egrep
configure:3879: result: /usr/bin/grep -E
configure:3884: checking for a sed that does not truncate output
configure:3954: result: /usr/bin/sed
configure:4374: checking whether configure options are compatible
configure:4397: result: yes
configure:4410: checking for CC and CFLAGS in gmp.h
configure:4443: result: CC=x86_64-linux-gnu-gcc CFLAGS=-g -O2 -ffile-prefix-map=/build/gmp-Wr5pU1/gmp-6.2.1+dfsg=. -flto=auto -ffat-lto-objects -flto=auto -ffat-lto-objects -fstack-protector-strong -Wformat -Werror=format-security -O3
configure:4449: checking for CC=x86_64-linux-gnu-gcc and CFLAGS=-g -O2 -ffile-prefix-map=/build/gmp-Wr5pU1/gmp-6.2.1+dfsg=. -flto=auto -ffat-lto-objects -flto=auto -ffat-lto-objects -fstack-protector-strong -Wformat -Werror=format-security -O3
configure:4453: result: yes
configure:4529: checking for gcc
configure:4561: result: x86_64-linux-gnu-gcc
configure:4914: checking for C compiler version
configure:4923: x86_64-linux-gnu-gcc --version >&5
x86_64-linux-gnu-gcc (Ubuntu 11.4.0-1ubuntu1~22.04) 11.4.0
Copyright (C) 2021 Free Software Foundation, Inc.
This is free software; see the source for copying conditions.  There is NO
warranty; not even for MERCHANTABILITY or FITNESS FOR A PARTICULAR PURPOSE.

configure:4934: $? = 0
configure:4923: x86_64-linux-gnu-gcc -v >&5
Using built-in specs.
COLLECT_GCC=x86_64-linux-gnu-gcc
COLLECT_LTO_WRAPPER=/usr/lib/gcc/x86_64-linux-gnu/11/lto-wrapper
OFFLOAD_TARGET_NAMES=nvptx-none:amdgcn-amdhsa
OFFLOAD_TARGET_DEFAULT=1
Target: x86_64-linux-gnu
Configured with: ../src/configure -v --with-pkgversion='Ubuntu 11.4.0-1ubuntu1~22.04' --with-bugurl=file:///usr/share/doc/gcc-11/README.Bugs --enable-languages=c,ada,c++,go,brig,d,fortran,objc,obj-c++,m2 --prefix=/usr --with-gcc-major-version-only --program-suffix=-11 --program-prefix=x86_64-linux-gnu- --enable-shared --enable-linker-build-id --libexecdir=/usr/lib --without-included-gettext --enable-threads=posix --libdir=/usr/lib --enable-nls --enable-bootstrap --enable-clocale=gnu --enable-libstdcxx-debug --enable-libstdcxx-time=yes --with-default-libstdcxx-abi=new --enable-gnu-unique-object --disable-vtable-verify --enable-plugin --enable-default-pie --with-system-zlib --enable-libphobos-checking=release --with-target-system-zlib=auto --enable-objc-gc=auto --enable-multiarch --disable-werror --enable-cet --with-arch-32=i686 --with-abi=m64 --with-multilib-list=m32,m64,mx32 --enable-multilib --with-tune=generic --enable-offload-targets=nvptx-none=/build/gcc-11-XeT9lY/gcc-11-11.4.0/debian/tmp-nvptx/usr,amdgcn-amdhsa=/build/gcc-11-XeT9lY/gcc-11-11.4.0/debian/tmp-gcn/usr --without-cuda-driver --enable-checking=release --build=x86_64-linux-gnu --host=x86_64-linux-gnu --target=x86_64-linux-gnu --with-build-config=bootstrap-lto-lean --enable-link-serialization=2
Thread model: posix
Supported LTO compression algorithms: zlib zstd
gcc version 11.4.0 (Ubuntu 11.4.0-1ubuntu1~22.04) 
... rest of stderr output deleted ...
configure:4934: $? = 0
configure:4923: x86_64-linux-gnu-gcc -V >&5
x86_64-linux-gnu-gcc: error: unrecognized command-line option '-V'
x86_64-linux-gnu-gcc: fatal error: no input files
compilation terminated.
configure:4934: $? = 1
configure:4923: x86_64-linux-gnu-gcc -qversion >&5
x86_64-linux-gnu-gcc: error: unrecognized command-line option '-qversion'; did you mean '--version'?
x86_64-linux-gnu-gcc: fatal error: no input files
compilation terminated.
configure:4934: $? = 1
configure:4923: x86_64-linux-gnu-gcc -version >&5
x86_64-linux-gnu-gcc: error: unrecognized command-line option '-version'
x86_64-linux-gnu-gcc: fatal error: no input files
compilation terminated.
configure:4934: $? = 1
configure:4954: checking whether the C compiler works
configure:4976: x86_64-linux-gnu-gcc -g -O2 -ffile-prefix-map=/build/gmp-Wr5pU1/gmp-6.2.1+dfsg=. -flto=auto -ffat-lto-objects -flto=auto -ffat-lto-objects -fstack-protector-strong -Wformat -Werror=format-security -O3   conftest.c  >&5
configure:4980: $? = 0
configure:5030: result: yes
configure:5033: checking for C compiler default output file name
configure:5035: result: a.out
configure:5041: checking for suffix of executables
configure:5048: x86_64-linux-gnu-gcc -o conftest -g -O2 -ffile-prefix-map=/build/gmp-Wr5pU1/gmp-6.2.1+dfsg=. -flto=auto -ffat-lto-objects -flto=auto -ffat-lto-objects -fstack-protector-strong -Wformat -Werror=format-security -O3   conftest.c  >&5
configure:5052: $? = 0
configure:5075: result: 
configure:5097: checking whether we are cross compiling
configure:5105: x86_64-linux-gnu-gcc -o conftest -g -O2 -ffile-prefix-map=/build/gmp-Wr5pU1/gmp-6.2.1+dfsg=. -flto=auto -ffat-lto-objects -flto=auto -ffat-lto-objects -fstack-protector-strong -Wformat -Werror=format-security -O3   conftest.c  >&5
configure:5109: $? = 0
configure:5116: ./conftest
configure:5120: $? = 0
configure:5135: result: no
configure:5140: checking for suffix of object files
configure:5163: x86_64-linux-gnu-gcc -c -g -O2 -ffile-prefix-map=/build/gmp-Wr5pU1/gmp-6.2.1+dfsg=. -flto=auto -ffat-lto-objects -flto=auto -ffat-lto-objects -fstack-protector-strong -Wformat -Werror=format-security -O3  conftest.c >&5
configure:5167: $? = 0
configure:5189: result: o
configure:5193: checking whether the compiler supports GNU C
configure:5213: x86_64-linux-gnu-gcc -c -g -O2 -ffile-prefix-map=/build/gmp-Wr5pU1/gmp-6.2.1+dfsg=. -flto=auto -ffat-lto-objects -flto=auto -ffat-lto-objects -fstack-protector-strong -Wformat -Werror=format-security -O3  conftest.c >&5
configure:5213: $? = 0
configure:5223: result: yes
configure:5234: checking whether x86_64-linux-gnu-gcc accepts -g
configure:5255: x86_64-linux-gnu-gcc -c -g  conftest.c >&5
configure:5255: $? = 0
configure:5299: result: yes
configure:5319: checking for x86_64-linux-gnu-gcc option to enable C11 features
configure:5334: x86_64-linux-gnu-gcc  -c -g -O2 -ffile-prefix-map=/build/gmp-Wr5pU1/gmp-6.2.1+dfsg=. -flto=auto -ffat-lto-objects -flto=auto -ffat-lto-objects -fstack-protector-strong -Wformat -Werror=format-security -O3  conftest.c >&5
configure:5334: $? = 0
configure:5352: result: none needed
configure:5468: checking whether x86_64-linux-gnu-gcc understands -c and -o together
configure:5491: x86_64-linux-gnu-gcc -c conftest.c -o conftest2.o
configure:5494: $? = 0
configure:5491: x86_64-linux-gnu-gcc -c conftest.c -o conftest2.o
configure:5494: $? = 0
configure:5506: result: yes
configure:5526: checking whether make supports the include directive
configure:5541: make -f confmf.GNU && cat confinc.out
this is the am__doit target
configure:5544: $? = 0
configure:5563: result: yes (GNU style)
configure:5589: checking dependency style of x86_64-linux-gnu-gcc
configure:5701: result: gcc3
configure:5721: checking how to run the C preprocessor
configure:5747: x86_64-linux-gnu-gcc -E  conftest.c
configure:5747: $? = 0
configure:5762: x86_64-linux-gnu-gcc -E  conftest.c
conftest.c:9:10: fatal error: ac_nonexistent.h: No such file or directory
    9 | #include <ac_nonexistent.h>
      |          ^~~~~~~~~~~~~~~~~~
compilation terminated.
configure:5762: $? = 1
configure: failed program was:
| /* confdefs.h */
| #define PACKAGE_NAME "MPFR"
| #define PACKAGE_TARNAME "mpfr"
| #define PACKAGE_VERSION "4.2.1"
| #define PACKAGE_STRING "MPFR 4.2.1"
| #define PACKAGE_BUGREPORT ""
| #define PACKAGE_URL ""
| /* end confdefs.h.  */
| #include <ac_nonexistent.h>
configure:5789: result: x86_64-linux-gnu-gcc -E
configure:5803: x86_64-linux-gnu-gcc -E  conftest.c
configure:5803: $? = 0
configure:5818: x86_64-linux-gnu-gcc -E  conftest.c
conftest.c:9:10: fatal error: ac_nonexistent.h: No such file or directory
    9 | #include <ac_nonexistent.h>
      |          ^~~~~~~~~~~~~~~~~~
compilation terminated.
configure:5818: $? = 1
configure: failed program was:
| /* confdefs.h */
| #define PACKAGE_NAME "MPFR"
| #define PACKAGE_TARNAME "mpfr"
| #define PACKAGE_VERSION "4.2.1"
| #define PACKAGE_STRING "MPFR 4.2.1"
| #define PACKAGE_BUGREPORT ""
| #define PACKAGE_URL ""
| /* end confdefs.h.  */
| #include <ac_nonexistent.h>
configure:5911: checking for ar
configure:5932: found /usr/bin/ar
configure:5943: result: ar
configure:5969: checking the archiver (ar) interface
configure:5986: x86_64-linux-gnu-gcc -c -g -O2 -ffile-prefix-map=/build/gmp-Wr5pU1/gmp-6.2.1+dfsg=. -flto=auto -ffat-lto-objects -flto=auto -ffat-lto-objects -fstack-protector-strong -Wformat -Werror=format-security -O3  conftest.c >&5
configure:5986: $? = 0
configure:5989: ar cru libconftest.a conftest.o >&5
ar: `u' modifier ignored since `D' is the default (see `U')
configure:5992: $? = 0
configure:6020: result: ar
configure:6088: checking how to print strings
configure:6115: result: printf
configure:6136: checking for a sed that does not truncate output
configure:6206: result: /usr/bin/sed
configure:6224: checking for fgrep
configure:6292: result: /usr/bin/grep -F
configure:6328: checking for ld used by x86_64-linux-gnu-gcc
configure:6396: result: /usr/bin/ld
configure:6403: checking if the linker (/usr/bin/ld) is GNU ld
configure:6419: result: yes
configure:6431: checking for BSD- or MS-compatible name lister (nm)
configure:6486: result: /usr/bin/nm -B
configure:6626: checking the name lister (/usr/bin/nm -B) interface
configure:6634: x86_64-linux-gnu-gcc -c -g -O2 -ffile-prefix-map=/build/gmp-Wr5pU1/gmp-6.2.1+dfsg=. -flto=auto -ffat-lto-objects -flto=auto -ffat-lto-objects -fstack-protector-strong -Wformat -Werror=format-security -O3  conftest.c >&5
configure:6637: /usr/bin/nm -B "conftest.o"
configure:6640: output
00000000 B some_variable
configure:6647: result: BSD nm
configure:6650: checking whether ln -s works
configure:6654: result: yes
configure:6662: checking the maximum length of command line arguments
configure:6794: result: 1572864
configure:6842: checking how to convert x86_64-pc-linux-gnu file names to x86_64-pc-linux-gnu format
configure:6883: result: func_convert_file_noop
configure:6890: checking how to convert x86_64-pc-linux-gnu file names to toolchain format
configure:6911: result: func_convert_file_noop
configure:6918: checking for /usr/bin/ld option to reload object files
configure:6926: result: -r
configure:7005: checking for file
configure:7026: found /usr/bin/file
configure:7037: result: file
configure:7113: checking for objdump
configure:7134: found /usr/bin/objdump
configure:7145: result: objdump
configure:7174: checking how to recognize dependent libraries
configure:7375: result: pass_all
configure:7465: checking for dlltool
configure:7500: result: no
configure:7527: checking how to associate runtime and link libraries
configure:7555: result: printf %s\n
configure:7705: checking for archiver @FILE support
configure:7723: x86_64-linux-gnu-gcc -c -g -O2 -ffile-prefix-map=/build/gmp-Wr5pU1/gmp-6.2.1+dfsg=. -flto=auto -ffat-lto-objects -flto=auto -ffat-lto-objects -fstack-protector-strong -Wformat -Werror=format-security -O3  conftest.c >&5
configure:7723: $? = 0
configure:7727: ar cr libconftest.a @conftest.lst >&5
configure:7730: $? = 0
configure:7735: ar cr libconftest.a @conftest.lst >&5
ar: conftest.o: No such file or directory
configure:7738: $? = 1
configure:7750: result: @
configure:7813: checking for strip
configure:7834: found /usr/bin/strip
configure:7845: result: strip
configure:7922: checking for ranlib
configure:7943: found /usr/bin/ranlib
configure:7954: result: ranlib
configure:8056: checking command to parse /usr/bin/nm -B output from x86_64-linux-gnu-gcc object
configure:8210: x86_64-linux-gnu-gcc -c -g -O2 -ffile-prefix-map=/build/gmp-Wr5pU1/gmp-6.2.1+dfsg=. -flto=auto -ffat-lto-objects -flto=auto -ffat-lto-objects -fstack-protector-strong -Wformat -Werror=format-security -O3  conftest.c >&5
configure:8213: $? = 0
configure:8217: /usr/bin/nm -B conftest.o | /usr/bin/sed -n -e 's/^.*[	 ]\([ABCDGIRSTW][ABCDGIRSTW]*\)[	 ][	 ]*\([_A-Za-z][_A-Za-z0-9]*\)$/\1 \2 \2/p' | /usr/bin/sed '/ __gnu_lto/d' > conftest.nm
configure:8283: x86_64-linux-gnu-gcc -o conftest -g -O2 -ffile-prefix-map=/build/gmp-Wr5pU1/gmp-6.2.1+dfsg=. -flto=auto -ffat-lto-objects -flto=auto -ffat-lto-objects -fstack-protector-strong -Wformat -Werror=format-security -O3   conftest.c conftstm.o >&5
configure:8286: $? = 0
configure:8324: result: ok
configure:8371: checking for sysroot
configure:8402: result: no
configure:8409: checking for a working dd
configure:8453: result: /usr/bin/dd
configure:8457: checking how to truncate binary pipes
configure:8473: result: /usr/bin/dd bs=4096 count=1
configure:8610: x86_64-linux-gnu-gcc -c -g -O2 -ffile-prefix-map=/build/gmp-Wr5pU1/gmp-6.2.1+dfsg=. -flto=auto -ffat-lto-objects -flto=auto -ffat-lto-objects -fstack-protector-strong -Wformat -Werror=format-security -O3  conftest.c >&5
configure:8613: $? = 0
configure:8810: checking for mt
configure:8845: result: no
configure:8865: checking if : is a manifest tool
configure:8872: : '-?'
configure:8880: result: no
configure:9605: checking for stdio.h
configure:9605: x86_64-linux-gnu-gcc -c -g -O2 -ffile-prefix-map=/build/gmp-Wr5pU1/gmp-6.2.1+dfsg=. -flto=auto -ffat-lto-objects -flto=auto -ffat-lto-objects -fstack-protector-strong -Wformat -Werror=format-security -O3  conftest.c >&5
configure:9605: $? = 0
configure:9605: result: yes
configure:9605: checking for stdlib.h
configure:9605: x86_64-linux-gnu-gcc -c -g -O2 -ffile-prefix-map=/build/gmp-Wr5pU1/gmp-6.2.1+dfsg=. -flto=auto -ffat-lto-objects -flto=auto -ffat-lto-objects -fstack-protector-strong -Wformat -Werror=format-security -O3  conftest.c >&5
configure:9605: $? = 0
configure:9605: result: yes
configure:9605: checking for string.h
configure:9605: x86_64-linux-gnu-gcc -c -g -O2 -ffile-prefix-map=/build/gmp-Wr5pU1/gmp-6.2.1+dfsg=. -flto=auto -ffat-lto-objects -flto=auto -ffat-lto-objects -fstack-protector-strong -Wformat -Werror=format-security -O3  conftest.c >&5
configure:9605: $? = 0
configure:9605: result: yes
configure:9605: checking for inttypes.h
configure:9605: x86_64-linux-gnu-gcc -c -g -O2 -ffile-prefix-map=/build/gmp-Wr5pU1/gmp-6.2.1+dfsg=. -flto=auto -ffat-lto-objects -flto=auto -ffat-lto-objects -fstack-protector-strong -Wformat -Werror=format-security -O3  conftest.c >&5
configure:9605: $? = 0
configure:9605: result: yes
configure:9605: checking for stdint.h
configure:9605: x86_64-linux-gnu-gcc -c -g -O2 -ffile-prefix-map=/build/gmp-Wr5pU1/gmp-6.2.1+dfsg=. -flto=auto -ffat-lto-objects -flto=auto -ffat-lto-objects -fstack-protector-strong -Wformat -Werror=format-security -O3  conftest.c >&5
configure:9605: $? = 0
configure:9605: result: yes
configure:9605: checking for strings.h
configure:9605: x86_64-linux-gnu-gcc -c -g -O2 -ffile-prefix-map=/build/gmp-Wr5pU1/gmp-6.2.1+dfsg=. -flto=auto -ffat-lto-objects -flto=auto -ffat-lto-objects -fstack-protector-strong -Wformat -Werror=format-security -O3  conftest.c >&5
configure:9605: $? = 0
configure:9605: result: yes
configure:9605: checking for sys/stat.h
configure:9605: x86_64-linux-gnu-gcc -c -g -O2 -ffile-prefix-map=/build/gmp-Wr5pU1/gmp-6.2.1+dfsg=. -flto=auto -ffat-lto-objects -flto=auto -ffat-lto-objects -fstack-protector-strong -Wformat -Werror=format-security -O3  conftest.c >&5
configure:9605: $? = 0
configure:9605: result: yes
configure:9605: checking for sys/types.h
configure:9605: x86_64-linux-gnu-gcc -c -g -O2 -ffile-prefix-map=/build/gmp-Wr5pU1/gmp-6.2.1+dfsg=. -flto=auto -ffat-lto-objects -flto=auto -ffat-lto-objects -fstack-protector-strong -Wformat -Werror=format-security -O3  conftest.c >&5
configure:9605: $? = 0
configure:9605: result: yes
configure:9605: checking for unistd.h
configure:9605: x86_64-linux-gnu-gcc -c -g -O2 -ffile-prefix-map=/build/gmp-Wr5pU1/gmp-6.2.1+dfsg=. -flto=auto -ffat-lto-objects -flto=auto -ffat-lto-objects -fstack-protector-strong -Wformat -Werror=format-security -O3  conftest.c >&5
configure:9605: $? = 0
configure:9605: result: yes
configure:9630: checking for dlfcn.h
configure:9630: x86_64-linux-gnu-gcc -c -g -O2 -ffile-prefix-map=/build/gmp-Wr5pU1/gmp-6.2.1+dfsg=. -flto=auto -ffat-lto-objects -flto=auto -ffat-lto-objects -fstack-protector-strong -Wformat -Werror=format-security -O3  conftest.c >&5
configure:9630: $? = 0
configure:9630: result: yes
configure:10217: checking for objdir
configure:10233: result: .libs
configure:10497: checking if x86_64-linux-gnu-gcc supports -fno-rtti -fno-exceptions
configure:10516: x86_64-linux-gnu-gcc -c -g -O2 -ffile-prefix-map=/build/gmp-Wr5pU1/gmp-6.2.1+dfsg=. -flto=auto -ffat-lto-objects -flto=auto -ffat-lto-objects -fstack-protector-strong -Wformat -Werror=format-security -O3  -fno-rtti -fno-exceptions conftest.c >&5
cc1: warning: command-line option '-fno-rtti' is valid for C++/D/ObjC++ but not for C
configure:10520: $? = 0
configure:10533: result: no
configure:10897: checking for x86_64-linux-gnu-gcc option to produce PIC
configure:10905: result: -fPIC -DPIC
configure:10913: checking if x86_64-linux-gnu-gcc PIC flag -fPIC -DPIC works
configure:10932: x86_64-linux-gnu-gcc -c -g -O2 -ffile-prefix-map=/build/gmp-Wr5pU1/gmp-6.2.1+dfsg=. -flto=auto -ffat-lto-objects -flto=auto -ffat-lto-objects -fstack-protector-strong -Wformat -Werror=format-security -O3  -fPIC -DPIC -DPIC conftest.c >&5
configure:10936: $? = 0
configure:10949: result: yes
configure:10978: checking if x86_64-linux-gnu-gcc static flag -static works
configure:11007: result: yes
configure:11022: checking if x86_64-linux-gnu-gcc supports -c -o file.o
configure:11044: x86_64-linux-gnu-gcc -c -g -O2 -ffile-prefix-map=/build/gmp-Wr5pU1/gmp-6.2.1+dfsg=. -flto=auto -ffat-lto-objects -flto=auto -ffat-lto-objects -fstack-protector-strong -Wformat -Werror=format-security -O3  -o out/conftest2.o conftest.c >&5
configure:11048: $? = 0
configure:11070: result: yes
configure:11078: checking if x86_64-linux-gnu-gcc supports -c -o file.o
configure:11126: result: yes
configure:11159: checking whether the x86_64-linux-gnu-gcc linker (/usr/bin/ld -m elf_x86_64) supports shared libraries
configure:12433: result: yes
configure:12470: checking whether -lc should be explicitly linked in
configure:12479: x86_64-linux-gnu-gcc -c -g -O2 -ffile-prefix-map=/build/gmp-Wr5pU1/gmp-6.2.1+dfsg=. -flto=auto -ffat-lto-objects -flto=auto -ffat-lto-objects -fstack-protector-strong -Wformat -Werror=format-security -O3  conftest.c >&5
configure:12482: $? = 0
configure:12497: x86_64-linux-gnu-gcc -shared  -fPIC -DPIC conftest.o  -v -Wl,-soname -Wl,conftest -o conftest 2\>\&1 \| /usr/bin/grep  -lc  \>/dev/null 2\>\&1
configure:12500: $? = 0
configure:12514: result: no
configure:12674: checking dynamic linker characteristics
configure:13256: x86_64-linux-gnu-gcc -o conftest -g -O2 -ffile-prefix-map=/build/gmp-Wr5pU1/gmp-6.2.1+dfsg=. -flto=auto -ffat-lto-objects -flto=auto -ffat-lto-objects -fstack-protector-strong -Wformat -Werror=format-security -O3   -Wl,-rpath -Wl,/foo conftest.c  >&5
configure:13256: $? = 0
configure:13507: result: GNU/Linux ld.so
configure:13629: checking how to hardcode library paths into programs
configure:13654: result: immediate
configure:14221: checking whether stripping libraries is possible
configure:14230: result: yes
configure:14272: checking if libtool supports shared libraries
configure:14274: result: yes
configure:14277: checking whether to build shared libraries
configure:14302: result: yes
configure:14305: checking whether to build static libraries
configure:14309: result: yes
configure:14347: checking for non-MS-Windows ICC
configure:14365: x86_64-linux-gnu-gcc -c -g -O2 -ffile-prefix-map=/build/gmp-Wr5pU1/gmp-6.2.1+dfsg=. -flto=auto -ffat-lto-objects -flto=auto -ffat-lto-objects -fstack-protector-strong -Wformat -Werror=format-security -O3  conftest.c >&5
conftest.c:23:3: error: #error "Not a non-MS-Windows ICC"
   23 | # error "Not a non-MS-Windows ICC"
      |   ^~~~~
conftest.c:24:6: error: expected ';' before 'int'
   24 | error
      |      ^
      |      ;
......
   27 | int
      | ~~~   
configure:14365: $? = 1
configure: failed program was:
| /* confdefs.h */
| #define PACKAGE_NAME "MPFR"
| #define PACKAGE_TARNAME "mpfr"
| #define PACKAGE_VERSION "4.2.1"
| #define PACKAGE_STRING "MPFR 4.2.1"
| #define PACKAGE_BUGREPORT ""
| #define PACKAGE_URL ""
| #define HAVE_STDIO_H 1
| #define HAVE_STDLIB_H 1
| #define HAVE_STRING_H 1
| #define HAVE_INTTYPES_H 1
| #define HAVE_STDINT_H 1
| #define HAVE_STRINGS_H 1
| #define HAVE_SYS_STAT_H 1
| #define HAVE_SYS_TYPES_H 1
| #define HAVE_UNISTD_H 1
| #define STDC_HEADERS 1
| #define HAVE_DLFCN_H 1
| #define LT_OBJDIR ".libs/"
| /* end confdefs.h.  */
| 
| #if (!defined(__ICC) && !defined(__INTEL_COMPILER)) || defined(_WIN32)
| # error "Not a non-MS-Windows ICC"
| error
| #endif
| 
| int
| main (void)
| {
| 
|   ;
|   return 0;
| }
configure:14373: result: no
configure:14380: checking whether the selected language is C++
configure:14398: x86_64-linux-gnu-gcc -c -Wpointer-arith -g -O2 -ffile-prefix-map=/build/gmp-Wr5pU1/gmp-6.2.1+dfsg=. -flto=auto -ffat-lto-objects -flto=auto -ffat-lto-objects -fstack-protector-strong -Wformat -Werror=format-security -O3  conftest.c >&5
configure:14398: $? = 0
configure:14401: result: no
configure:14420: using CFLAGS="-Wall -Wmissing-prototypes -Wc++-compat -Wpointer-arith -g -O2 -ffile-prefix-map=/build/gmp-Wr5pU1/gmp-6.2.1+dfsg=. -flto=auto -ffat-lto-objects -flto=auto -ffat-lto-objects -fstack-protector-strong -Wformat -Werror=format-security -O3"
configure:14461: checking for an ANSI C-conforming const
configure:14528: x86_64-linux-gnu-gcc -c -Wall -Wmissing-prototypes -Wc++-compat -Wpointer-arith -g -O2 -ffile-prefix-map=/build/gmp-Wr5pU1/gmp-6.2.1+dfsg=. -flto=auto -ffat-lto-objects -flto=auto -ffat-lto-objects -fstack-protector-strong -Wformat -Werror=format-security -O3  conftest.c >&5
configure:14528: $? = 0
configure:14536: result: yes
configure:14544: checking for working volatile
configure:14564: x86_64-linux-gnu-gcc -c -Wall -Wmissing-prototypes -Wc++-compat -Wpointer-arith -g -O2 -ffile-prefix-map=/build/gmp-Wr5pU1/gmp-6.2.1+dfsg=. -flto=auto -ffat-lto-objects -flto=auto -ffat-lto-objects -fstack-protector-strong -Wformat -Werror=format-security -O3  conftest.c >&5
configure:14564: $? = 0
configure:14572: result: yes
configure:14580: checking whether byte ordering is bigendian
configure:14596: x86_64-linux-gnu-gcc -c -Wall -Wmissing-prototypes -Wc++-compat -Wpointer-arith -g -O2 -ffile-prefix-map=/build/gmp-Wr5pU1/gmp-6.2.1+dfsg=. -flto=auto -ffat-lto-objects -flto=auto -ffat-lto-objects -fstack-protector-strong -Wformat -Werror=format-security -O3  conftest.c >&5
conftest.c:22:16: warning: identifier "not" is a special operator name in C++ [-Wc++-compat]
   22 |                not a universal capable compiler
      |                ^
conftest.c:22:16: error: unknown type name 'not'
   22 |                not a universal capable compiler
      |                ^~~
conftest.c:22:22: error: expected '=', ',', ';', 'asm' or '__attribute__' before 'universal'
   22 |                not a universal capable compiler
      |                      ^~~~~~~~~
conftest.c:22:22: error: unknown type name 'universal'
configure:14596: $? = 1
configure: failed program was:
| /* confdefs.h */
| #define PACKAGE_NAME "MPFR"
| #define PACKAGE_TARNAME "mpfr"
| #define PACKAGE_VERSION "4.2.1"
| #define PACKAGE_STRING "MPFR 4.2.1"
| #define PACKAGE_BUGREPORT ""
| #define PACKAGE_URL ""
| #define HAVE_STDIO_H 1
| #define HAVE_STDLIB_H 1
| #define HAVE_STRING_H 1
| #define HAVE_INTTYPES_H 1
| #define HAVE_STDINT_H 1
| #define HAVE_STRINGS_H 1
| #define HAVE_SYS_STAT_H 1
| #define HAVE_SYS_TYPES_H 1
| #define HAVE_UNISTD_H 1
| #define STDC_HEADERS 1
| #define HAVE_DLFCN_H 1
| #define LT_OBJDIR ".libs/"
| /* end confdefs.h.  */
| #ifndef __APPLE_CC__
| 	       not a universal capable compiler
| 	     #endif
| 	     typedef int dummy;
| 
configure:14642: x86_64-linux-gnu-gcc -c -Wall -Wmissing-prototypes -Wc++-compat -Wpointer-arith -g -O2 -ffile-prefix-map=/build/gmp-Wr5pU1/gmp-6.2.1+dfsg=. -flto=auto -ffat-lto-objects -flto=auto -ffat-lto-objects -fstack-protector-strong -Wformat -Werror=format-security -O3  conftest.c >&5
configure:14642: $? = 0
configure:14661: x86_64-linux-gnu-gcc -c -Wall -Wmissing-prototypes -Wc++-compat -Wpointer-arith -g -O2 -ffile-prefix-map=/build/gmp-Wr5pU1/gmp-6.2.1+dfsg=. -flto=auto -ffat-lto-objects -flto=auto -ffat-lto-objects -fstack-protector-strong -Wformat -Werror=format-security -O3  conftest.c >&5
conftest.c: In function 'main':
conftest.c:28:18: warning: identifier "not" is a special operator name in C++ [-Wc++-compat]
   28 |                  not big endian
      |                  ^
conftest.c:28:18: error: unknown type name 'not'; did you mean 'ino_t'?
   28 |                  not big endian
      |                  ^~~
      |                  ino_t
conftest.c:28:26: error: expected '=', ',', ';', 'asm' or '__attribute__' before 'endian'
   28 |                  not big endian
      |                          ^~~~~~
configure:14661: $? = 1
configure: failed program was:
| /* confdefs.h */
| #define PACKAGE_NAME "MPFR"
| #define PACKAGE_TARNAME "mpfr"
| #define PACKAGE_VERSION "4.2.1"
| #define PACKAGE_STRING "MPFR 4.2.1"
| #define PACKAGE_BUGREPORT ""
| #define PACKAGE_URL ""
| #define HAVE_STDIO_H 1
| #define HAVE_STDLIB_H 1
| #define HAVE_STRING_H 1
| #define HAVE_INTTYPES_H 1
| #define HAVE_STDINT_H 1
| #define HAVE_STRINGS_H 1
| #define HAVE_SYS_STAT_H 1
| #define HAVE_SYS_TYPES_H 1
| #define HAVE_UNISTD_H 1
| #define STDC_HEADERS 1
| #define HAVE_DLFCN_H 1
| #define LT_OBJDIR ".libs/"
| /* end confdefs.h.  */
| #include <sys/types.h>
| 		#include <sys/param.h>
| 
| int
| main (void)
| {
| #if BYTE_ORDER != BIG_ENDIAN
| 		 not big endian
| 		#endif
| 
|   ;
|   return 0;
| }
configure:14795: result: no
configure:14818: checking for library containing clock_gettime
configure:14851: x86_64-linux-gnu-gcc -o conftest -Wall -Wmissing-prototypes -Wc++-compat -Wpointer-arith -g -O2 -ffile-prefix-map=/build/gmp-Wr5pU1/gmp-6.2.1+dfsg=. -flto=auto -ffat-lto-objects -flto=auto -ffat-lto-objects -fstack-protector-strong -Wformat -Werror=format-security -O3   conftest.c  >&5
configure:14851: $? = 0
configure:14871: result: none required
configure:15064: x86_64-linux-gnu-gcc -o conftest -Wall -Wmissing-prototypes -Wc++-compat -Wpointer-arith -g -O2 -ffile-prefix-map=/build/gmp-Wr5pU1/gmp-6.2.1+dfsg=. -flto=auto -ffat-lto-objects -flto=auto -ffat-lto-objects -fstack-protector-strong -Wformat -Werror=format-security -O3   conftest.c -lm  >&5
configure:15064: $? = 0
configure:15094: x86_64-linux-gnu-gcc -o conftest -Wall -Wmissing-prototypes -Wc++-compat -Wpointer-arith -g -O2 -ffile-prefix-map=/build/gmp-Wr5pU1/gmp-6.2.1+dfsg=. -flto=auto -ffat-lto-objects -flto=auto -ffat-lto-objects -fstack-protector-strong -Wformat -Werror=format-security -O3   conftest.c -lquadmath  >&5
configure:15094: $? = 0
configure:15106: checking for size_t
configure:15106: x86_64-linux-gnu-gcc -c -Wall -Wmissing-prototypes -Wc++-compat -Wpointer-arith -g -O2 -ffile-prefix-map=/build/gmp-Wr5pU1/gmp-6.2.1+dfsg=. -flto=auto -ffat-lto-objects -flto=auto -ffat-lto-objects -fstack-protector-strong -Wformat -Werror=format-security -O3  conftest.c >&5
configure:15106: $? = 0
configure:15106: x86_64-linux-gnu-gcc -c -Wall -Wmissing-prototypes -Wc++-compat -Wpointer-arith -g -O2 -ffile-prefix-map=/build/gmp-Wr5pU1/gmp-6.2.1+dfsg=. -flto=auto -ffat-lto-objects -flto=auto -ffat-lto-objects -fstack-protector-strong -Wformat -Werror=format-security -O3  conftest.c >&5
conftest.c: In function 'main':
conftest.c:54:21: error: expected expression before ')' token
   54 | if (sizeof ((size_t)))
      |                     ^
configure:15106: $? = 1
configure: failed program was:
| /* confdefs.h */
| #define PACKAGE_NAME "MPFR"
| #define PACKAGE_TARNAME "mpfr"
| #define PACKAGE_VERSION "4.2.1"
| #define PACKAGE_STRING "MPFR 4.2.1"
| #define PACKAGE_BUGREPORT ""
| #define PACKAGE_URL ""
| #define HAVE_STDIO_H 1
| #define HAVE_STDLIB_H 1
| #define HAVE_STRING_H 1
| #define HAVE_INTTYPES_H 1
| #define HAVE_STDINT_H 1
| #define HAVE_STRINGS_H 1
| #define HAVE_SYS_STAT_H 1
| #define HAVE_SYS_TYPES_H 1
| #define HAVE_UNISTD_H 1
| #define STDC_HEADERS 1
| #define HAVE_DLFCN_H 1
| #define LT_OBJDIR ".libs/"
| #define HAVE_LITTLE_ENDIAN 1
| #define HAVE_CLOCK_GETTIME 1
| /* end confdefs.h.  */
| #include <stddef.h>
| #ifdef HAVE_STDIO_H
| # include <stdio.h>
| #endif
| #ifdef HAVE_STDLIB_H
| # include <stdlib.h>
| #endif
| #ifdef HAVE_STRING_H
| # include <string.h>
| #endif
| #ifdef HAVE_INTTYPES_H
| # include <inttypes.h>
| #endif
| #ifdef HAVE_STDINT_H
| # include <stdint.h>
| #endif
| #ifdef HAVE_STRINGS_H
| # include <strings.h>
| #endif
| #ifdef HAVE_SYS_TYPES_H
| # include <sys/types.h>
| #endif
| #ifdef HAVE_SYS_STAT_H
| # include <sys/stat.h>
| #endif
| #ifdef HAVE_UNISTD_H
| # include <unistd.h>
| #endif
| int
| main (void)
| {
| if (sizeof ((size_t)))
| 	    return 0;
|   ;
|   return 0;
| }
configure:15106: result: yes
configure:16002: checking for limits.h
configure:16002: x86_64-linux-gnu-gcc -c -Wall -Wmissing-prototypes -Wc++-compat -Wpointer-arith -g -O2 -ffile-prefix-map=/build/gmp-Wr5pU1/gmp-6.2.1+dfsg=. -flto=auto -ffat-lto-objects -flto=auto -ffat-lto-objects -fstack-protector-strong -Wformat -Werror=format-security -O3  conftest.c >&5
configure:16002: $? = 0
configure:16002: result: yes
configure:16010: checking for float.h
configure:16010: x86_64-linux-gnu-gcc -c -Wall -Wmissing-prototypes -Wc++-compat -Wpointer-arith -g -O2 -ffile-prefix-map=/build/gmp-Wr5pU1/gmp-6.2.1+dfsg=. -flto=auto -ffat-lto-objects -flto=auto -ffat-lto-objects -fstack-protector-strong -Wformat -Werror=format-security -O3  conftest.c >&5
configure:16010: $? = 0
configure:16010: result: yes
configure:16018: checking for string.h
configure:16018: result: yes
configure:16027: checking for locale.h
configure:16027: x86_64-linux-gnu-gcc -c -Wall -Wmissing-prototypes -Wc++-compat -Wpointer-arith -g -O2 -ffile-prefix-map=/build/gmp-Wr5pU1/gmp-6.2.1+dfsg=. -flto=auto -ffat-lto-objects -flto=auto -ffat-lto-objects -fstack-protector-strong -Wformat -Werror=format-security -O3  conftest.c >&5
configure:16027: $? = 0
configure:16027: result: yes
configure:16035: checking for wchar.h
configure:16035: x86_64-linux-gnu-gcc -c -Wall -Wmissing-prototypes -Wc++-compat -Wpointer-arith -g -O2 -ffile-prefix-map=/build/gmp-Wr5pU1/gmp-6.2.1+dfsg=. -flto=auto -ffat-lto-objects -flto=auto -ffat-lto-objects -fstack-protector-strong -Wformat -Werror=format-security -O3  conftest.c >&5
configure:16035: $? = 0
configure:16035: result: yes
configure:16043: checking for stdarg.h
configure:16043: x86_64-linux-gnu-gcc -c -Wall -Wmissing-prototypes -Wc++-compat -Wpointer-arith -g -O2 -ffile-prefix-map=/build/gmp-Wr5pU1/gmp-6.2.1+dfsg=. -flto=auto -ffat-lto-objects -flto=auto -ffat-lto-objects -fstack-protector-strong -Wformat -Werror=format-security -O3  conftest.c >&5
configure:16043: $? = 0
configure:16043: result: yes
configure:16061: checking for sys/fpu.h
configure:16061: x86_64-linux-gnu-gcc -c -Wall -Wmissing-prototypes -Wc++-compat -Wpointer-arith -g -O2 -ffile-prefix-map=/build/gmp-Wr5pU1/gmp-6.2.1+dfsg=. -flto=auto -ffat-lto-objects -flto=auto -ffat-lto-objects -fstack-protector-strong -Wformat -Werror=format-security -O3  conftest.c >&5
conftest.c:54:10: fatal error: sys/fpu.h: No such file or directory
   54 | #include <sys/fpu.h>
      |          ^~~~~~~~~~~
compilation terminated.
configure:16061: $? = 1
configure: failed program was:
| /* confdefs.h */
| #define PACKAGE_NAME "MPFR"
| #define PACKAGE_TARNAME "mpfr"
| #define PACKAGE_VERSION "4.2.1"
| #define PACKAGE_STRING "MPFR 4.2.1"
| #define PACKAGE_BUGREPORT ""
| #define PACKAGE_URL ""
| #define HAVE_STDIO_H 1
| #define HAVE_STDLIB_H 1
| #define HAVE_STRING_H 1
| #define HAVE_INTTYPES_H 1
| #define HAVE_STDINT_H 1
| #define HAVE_STRINGS_H 1
| #define HAVE_SYS_STAT_H 1
| #define HAVE_SYS_TYPES_H 1
| #define HAVE_UNISTD_H 1
| #define STDC_HEADERS 1
| #define HAVE_DLFCN_H 1
| #define LT_OBJDIR ".libs/"
| #define HAVE_LITTLE_ENDIAN 1
| #define HAVE_CLOCK_GETTIME 1
| #define HAVE_LOCALE_H 1
| #define HAVE_WCHAR_H 1
| #define HAVE_STDARG 1
| /* end confdefs.h.  */
| #include <stddef.h>
| #ifdef HAVE_STDIO_H
| # include <stdio.h>
| #endif
| #ifdef HAVE_STDLIB_H
| # include <stdlib.h>
| #endif
| #ifdef HAVE_STRING_H
| # include <string.h>
| #endif
| #ifdef HAVE_INTTYPES_H
| # include <inttypes.h>
| #endif
| #ifdef HAVE_STDINT_H
| # include <stdint.h>
| #endif
| #ifdef HAVE_STRINGS_H
| # include <strings.h>
| #endif
| #ifdef HAVE_SYS_TYPES_H
| # include <sys/types.h>
| #endif
| #ifdef HAVE_SYS_STAT_H
| # include <sys/stat.h>
| #endif
| #ifdef HAVE_UNISTD_H
| # include <unistd.h>
| #endif
| #include <sys/fpu.h>
configure:16061: result: no
configure:16069: checking for struct lconv.decimal_point
configure:16069: x86_64-linux-gnu-gcc -c -Wall -Wmissing-prototypes -Wc++-compat -Wpointer-arith -g -O2 -ffile-prefix-map=/build/gmp-Wr5pU1/gmp-6.2.1+dfsg=. -flto=auto -ffat-lto-objects -flto=auto -ffat-lto-objects -fstack-protector-strong -Wformat -Werror=format-security -O3  conftest.c >&5
configure:16069: $? = 0
configure:16069: result: yes
configure:16078: checking for struct lconv.thousands_sep
configure:16078: x86_64-linux-gnu-gcc -c -Wall -Wmissing-prototypes -Wc++-compat -Wpointer-arith -g -O2 -ffile-prefix-map=/build/gmp-Wr5pU1/gmp-6.2.1+dfsg=. -flto=auto -ffat-lto-objects -flto=auto -ffat-lto-objects -fstack-protector-strong -Wformat -Werror=format-security -O3  conftest.c >&5
configure:16078: $? = 0
configure:16078: result: yes
configure:16091: checking for working alloca.h
configure:16109: x86_64-linux-gnu-gcc -o conftest -Wall -Wmissing-prototypes -Wc++-compat -Wpointer-arith -g -O2 -ffile-prefix-map=/build/gmp-Wr5pU1/gmp-6.2.1+dfsg=. -flto=auto -ffat-lto-objects -flto=auto -ffat-lto-objects -fstack-protector-strong -Wformat -Werror=format-security -O3   conftest.c  >&5
configure:16109: $? = 0
configure:16118: result: yes
configure:16126: checking for alloca
configure:16171: result: yes
configure:16240: checking for uintptr_t
configure:16240: x86_64-linux-gnu-gcc -c -Wall -Wmissing-prototypes -Wc++-compat -Wpointer-arith -g -O2 -ffile-prefix-map=/build/gmp-Wr5pU1/gmp-6.2.1+dfsg=. -flto=auto -ffat-lto-objects -flto=auto -ffat-lto-objects -fstack-protector-strong -Wformat -Werror=format-security -O3  conftest.c >&5
configure:16240: $? = 0
configure:16240: x86_64-linux-gnu-gcc -c -Wall -Wmissing-prototypes -Wc++-compat -Wpointer-arith -g -O2 -ffile-prefix-map=/build/gmp-Wr5pU1/gmp-6.2.1+dfsg=. -flto=auto -ffat-lto-objects -flto=auto -ffat-lto-objects -fstack-protector-strong -Wformat -Werror=format-security -O3  conftest.c >&5
conftest.c: In function 'main':
conftest.c:61:24: error: expected expression before ')' token
   61 | if (sizeof ((uintptr_t)))
      |                        ^
configure:16240: $? = 1
configure: failed program was:
| /* confdefs.h */
| #define PACKAGE_NAME "MPFR"
| #define PACKAGE_TARNAME "mpfr"
| #define PACKAGE_VERSION "4.2.1"
| #define PACKAGE_STRING "MPFR 4.2.1"
| #define PACKAGE_BUGREPORT ""
| #define PACKAGE_URL ""
| #define HAVE_STDIO_H 1
| #define HAVE_STDLIB_H 1
| #define HAVE_STRING_H 1
| #define HAVE_INTTYPES_H 1
| #define HAVE_STDINT_H 1
| #define HAVE_STRINGS_H 1
| #define HAVE_SYS_STAT_H 1
| #define HAVE_SYS_TYPES_H 1
| #define HAVE_UNISTD_H 1
| #define STDC_HEADERS 1
| #define HAVE_DLFCN_H 1
| #define LT_OBJDIR ".libs/"
| #define HAVE_LITTLE_ENDIAN 1
| #define HAVE_CLOCK_GETTIME 1
| #define HAVE_LOCALE_H 1
| #define HAVE_WCHAR_H 1
| #define HAVE_STDARG 1
| #define HAVE_STRUCT_LCONV_DECIMAL_POINT 1
| #define HAVE_STRUCT_LCONV_THOUSANDS_SEP 1
| #define HAVE_ALLOCA_H 1
| #define HAVE_ALLOCA 1
| /* end confdefs.h.  */
| #include <stddef.h>
| #ifdef HAVE_STDIO_H
| # include <stdio.h>
| #endif
| #ifdef HAVE_STDLIB_H
| # include <stdlib.h>
| #endif
| #ifdef HAVE_STRING_H
| # include <string.h>
| #endif
| #ifdef HAVE_INTTYPES_H
| # include <inttypes.h>
| #endif
| #ifdef HAVE_STDINT_H
| # include <stdint.h>
| #endif
| #ifdef HAVE_STRINGS_H
| # include <strings.h>
| #endif
| #ifdef HAVE_SYS_TYPES_H
| # include <sys/types.h>
| #endif
| #ifdef HAVE_SYS_STAT_H
| # include <sys/stat.h>
| #endif
| #ifdef HAVE_UNISTD_H
| # include <unistd.h>
| #endif
| int
| main (void)
| {
| if (sizeof ((uintptr_t)))
| 	    return 0;
|   ;
|   return 0;
| }
configure:16240: result: yes
configure:16277: checking how to copy va_list
configure:16295: x86_64-linux-gnu-gcc -o conftest -Wall -Wmissing-prototypes -Wc++-compat -Wpointer-arith -g -O2 -ffile-prefix-map=/build/gmp-Wr5pU1/gmp-6.2.1+dfsg=. -flto=auto -ffat-lto-objects -flto=auto -ffat-lto-objects -fstack-protector-strong -Wformat -Werror=format-security -O3   conftest.c  >&5
configure:16295: $? = 0
configure:16298: result: va_copy
configure:16337: checking for setlocale
configure:16337: x86_64-linux-gnu-gcc -o conftest  -Wall -Wmissing-prototypes -Wc++-compat -Wpointer-arith -g -O2 -ffile-prefix-map=/build/gmp-Wr5pU1/gmp-6.2.1+dfsg=. -flto=auto -ffat-lto-objects -flto=auto -ffat-lto-objects -fstack-protector-strong -Wformat -O3   conftest.c  >&5
configure:16337: $? = 0
configure:16337: result: yes
configure:16343: checking for gettimeofday
configure:16343: x86_64-linux-gnu-gcc -o conftest  -Wall -Wmissing-prototypes -Wc++-compat -Wpointer-arith -g -O2 -ffile-prefix-map=/build/gmp-Wr5pU1/gmp-6.2.1+dfsg=. -flto=auto -ffat-lto-objects -flto=auto -ffat-lto-objects -fstack-protector-strong -Wformat -O3   conftest.c  >&5
configure:16343: $? = 0
configure:16343: result: yes
configure:16349: checking for signal
configure:16349: x86_64-linux-gnu-gcc -o conftest  -Wall -Wmissing-prototypes -Wc++-compat -Wpointer-arith -g -O2 -ffile-prefix-map=/build/gmp-Wr5pU1/gmp-6.2.1+dfsg=. -flto=auto -ffat-lto-objects -flto=auto -ffat-lto-objects -fstack-protector-strong -Wformat -O3   conftest.c  >&5
configure:16349: $? = 0
configure:16349: result: yes
configure:16358: checking for sigaction and its associated structure
configure:16377: x86_64-linux-gnu-gcc -o conftest -Wall -Wmissing-prototypes -Wc++-compat -Wpointer-arith -g -O2 -ffile-prefix-map=/build/gmp-Wr5pU1/gmp-6.2.1+dfsg=. -flto=auto -ffat-lto-objects -flto=auto -ffat-lto-objects -fstack-protector-strong -Wformat -Werror=format-security -O3   conftest.c  >&5
configure:16377: $? = 0
configure:16380: result: yes
configure:16393: checking for long long int
configure:16393: x86_64-linux-gnu-gcc -c -Wall -Wmissing-prototypes -Wc++-compat -Wpointer-arith -g -O2 -ffile-prefix-map=/build/gmp-Wr5pU1/gmp-6.2.1+dfsg=. -flto=auto -ffat-lto-objects -flto=auto -ffat-lto-objects -fstack-protector-strong -Wformat -Werror=format-security -O3  conftest.c >&5
configure:16393: $? = 0
configure:16393: x86_64-linux-gnu-gcc -c -Wall -Wmissing-prototypes -Wc++-compat -Wpointer-arith -g -O2 -ffile-prefix-map=/build/gmp-Wr5pU1/gmp-6.2.1+dfsg=. -flto=auto -ffat-lto-objects -flto=auto -ffat-lto-objects -fstack-protector-strong -Wformat -Werror=format-security -O3  conftest.c >&5
conftest.c: In function 'main':
conftest.c:67:28: error: expected expression before ')' token
   67 | if (sizeof ((long long int)))
      |                            ^
configure:16393: $? = 1
configure: failed program was:
| /* confdefs.h */
| #define PACKAGE_NAME "MPFR"
| #define PACKAGE_TARNAME "mpfr"
| #define PACKAGE_VERSION "4.2.1"
| #define PACKAGE_STRING "MPFR 4.2.1"
| #define PACKAGE_BUGREPORT ""
| #define PACKAGE_URL ""
| #define HAVE_STDIO_H 1
| #define HAVE_STDLIB_H 1
| #define HAVE_STRING_H 1
| #define HAVE_INTTYPES_H 1
| #define HAVE_STDINT_H 1
| #define HAVE_STRINGS_H 1
| #define HAVE_SYS_STAT_H 1
| #define HAVE_SYS_TYPES_H 1
| #define HAVE_UNISTD_H 1
| #define STDC_HEADERS 1
| #define HAVE_DLFCN_H 1
| #define LT_OBJDIR ".libs/"
| #define HAVE_LITTLE_ENDIAN 1
| #define HAVE_CLOCK_GETTIME 1
| #define HAVE_LOCALE_H 1
| #define HAVE_WCHAR_H 1
| #define HAVE_STDARG 1
| #define HAVE_STRUCT_LCONV_DECIMAL_POINT 1
| #define HAVE_STRUCT_LCONV_THOUSANDS_SEP 1
| #define HAVE_ALLOCA_H 1
| #define HAVE_ALLOCA 1
| #define HAVE_UINTPTR_T 1
| #define HAVE_VA_COPY 1
| #define HAVE_SETLOCALE 1
| #define HAVE_GETTIMEOFDAY 1
| #define HAVE_SIGNAL 1
| #define HAVE_SIGACTION 1
| /* end confdefs.h.  */
| #include <stddef.h>
| #ifdef HAVE_STDIO_H
| # include <stdio.h>
| #endif
| #ifdef HAVE_STDLIB_H
| # include <stdlib.h>
| #endif
| #ifdef HAVE_STRING_H
| # include <string.h>
| #endif
| #ifdef HAVE_INTTYPES_H
| # include <inttypes.h>
| #endif
| #ifdef HAVE_STDINT_H
| # include <stdint.h>
| #endif
| #ifdef HAVE_STRINGS_H
| # include <strings.h>
| #endif
| #ifdef HAVE_SYS_TYPES_H
| # include <sys/types.h>
| #endif
| #ifdef HAVE_SYS_STAT_H
| # include <sys/stat.h>
| #endif
| #ifdef HAVE_UNISTD_H
| # include <unistd.h>
| #endif
| int
| main (void)
| {
| if (sizeof ((long long int)))
| 	    return 0;
|   ;
|   return 0;
| }
configure:16393: result: yes
configure:16402: checking for intmax_t
configure:16402: x86_64-linux-gnu-gcc -c -Wall -Wmissing-prototypes -Wc++-compat -Wpointer-arith -g -O2 -ffile-prefix-map=/build/gmp-Wr5pU1/gmp-6.2.1+dfsg=. -flto=auto -ffat-lto-objects -flto=auto -ffat-lto-objects -fstack-protector-strong -Wformat -Werror=format-security -O3  conftest.c >&5
configure:16402: $? = 0
configure:16402: x86_64-linux-gnu-gcc -c -Wall -Wmissing-prototypes -Wc++-compat -Wpointer-arith -g -O2 -ffile-prefix-map=/build/gmp-Wr5pU1/gmp-6.2.1+dfsg=. -flto=auto -ffat-lto-objects -flto=auto -ffat-lto-objects -fstack-protector-strong -Wformat -Werror=format-security -O3  conftest.c >&5
conftest.c: In function 'main':
conftest.c:68:23: error: expected expression before ')' token
   68 | if (sizeof ((intmax_t)))
      |                       ^
configure:16402: $? = 1
configure: failed program was:
| /* confdefs.h */
| #define PACKAGE_NAME "MPFR"
| #define PACKAGE_TARNAME "mpfr"
| #define PACKAGE_VERSION "4.2.1"
| #define PACKAGE_STRING "MPFR 4.2.1"
| #define PACKAGE_BUGREPORT ""
| #define PACKAGE_URL ""
| #define HAVE_STDIO_H 1
| #define HAVE_STDLIB_H 1
| #define HAVE_STRING_H 1
| #define HAVE_INTTYPES_H 1
| #define HAVE_STDINT_H 1
| #define HAVE_STRINGS_H 1
| #define HAVE_SYS_STAT_H 1
| #define HAVE_SYS_TYPES_H 1
| #define HAVE_UNISTD_H 1
| #define STDC_HEADERS 1
| #define HAVE_DLFCN_H 1
| #define LT_OBJDIR ".libs/"
| #define HAVE_LITTLE_ENDIAN 1
| #define HAVE_CLOCK_GETTIME 1
| #define HAVE_LOCALE_H 1
| #define HAVE_WCHAR_H 1
| #define HAVE_STDARG 1
| #define HAVE_STRUCT_LCONV_DECIMAL_POINT 1
| #define HAVE_STRUCT_LCONV_THOUSANDS_SEP 1
| #define HAVE_ALLOCA_H 1
| #define HAVE_ALLOCA 1
| #define HAVE_UINTPTR_T 1
| #define HAVE_VA_COPY 1
| #define HAVE_SETLOCALE 1
| #define HAVE_GETTIMEOFDAY 1
| #define HAVE_SIGNAL 1
| #define HAVE_SIGACTION 1
| #define HAVE_LONG_LONG 1
| /* end confdefs.h.  */
| #include <stddef.h>
| #ifdef HAVE_STDIO_H
| # include <stdio.h>
| #endif
| #ifdef HAVE_STDLIB_H
| # include <stdlib.h>
| #endif
| #ifdef HAVE_STRING_H
| # include <string.h>
| #endif
| #ifdef HAVE_INTTYPES_H
| # include <inttypes.h>
| #endif
| #ifdef HAVE_STDINT_H
| # include <stdint.h>
| #endif
| #ifdef HAVE_STRINGS_H
| # include <strings.h>
| #endif
| #ifdef HAVE_SYS_TYPES_H
| # include <sys/types.h>
| #endif
| #ifdef HAVE_SYS_STAT_H
| # include <sys/stat.h>
| #endif
| #ifdef HAVE_UNISTD_H
| # include <unistd.h>
| #endif
| int
| main (void)
| {
| if (sizeof ((intmax_t)))
| 	    return 0;
|   ;
|   return 0;
| }
configure:16402: result: yes
configure:16412: checking for working INTMAX_MAX
configure:16433: x86_64-linux-gnu-gcc -c -Wall -Wmissing-prototypes -Wc++-compat -Wpointer-arith -g -O2 -ffile-prefix-map=/build/gmp-Wr5pU1/gmp-6.2.1+dfsg=. -flto=auto -ffat-lto-objects -flto=auto -ffat-lto-objects -fstack-protector-strong -Wformat -Werror=format-security -O3  -I./src -DMPFR_NEED_INTMAX_H conftest.c >&5
configure:16433: $? = 0
configure:16443: result: yes
configure:16452: checking for union fpc_csr
configure:16452: x86_64-linux-gnu-gcc -c -Wall -Wmissing-prototypes -Wc++-compat -Wpointer-arith -g -O2 -ffile-prefix-map=/build/gmp-Wr5pU1/gmp-6.2.1+dfsg=. -flto=auto -ffat-lto-objects -flto=auto -ffat-lto-objects -fstack-protector-strong -Wformat -Werror=format-security -O3  conftest.c >&5
conftest.c: In function 'main':
conftest.c:48:13: error: invalid application of 'sizeof' to incomplete type 'union fpc_csr'
   48 | if (sizeof (union fpc_csr))
      |             ^~~~~
configure:16452: $? = 1
configure: failed program was:
| /* confdefs.h */
| #define PACKAGE_NAME "MPFR"
| #define PACKAGE_TARNAME "mpfr"
| #define PACKAGE_VERSION "4.2.1"
| #define PACKAGE_STRING "MPFR 4.2.1"
| #define PACKAGE_BUGREPORT ""
| #define PACKAGE_URL ""
| #define HAVE_STDIO_H 1
| #define HAVE_STDLIB_H 1
| #define HAVE_STRING_H 1
| #define HAVE_INTTYPES_H 1
| #define HAVE_STDINT_H 1
| #define HAVE_STRINGS_H 1
| #define HAVE_SYS_STAT_H 1
| #define HAVE_SYS_TYPES_H 1
| #define HAVE_UNISTD_H 1
| #define STDC_HEADERS 1
| #define HAVE_DLFCN_H 1
| #define LT_OBJDIR ".libs/"
| #define HAVE_LITTLE_ENDIAN 1
| #define HAVE_CLOCK_GETTIME 1
| #define HAVE_LOCALE_H 1
| #define HAVE_WCHAR_H 1
| #define HAVE_STDARG 1
| #define HAVE_STRUCT_LCONV_DECIMAL_POINT 1
| #define HAVE_STRUCT_LCONV_THOUSANDS_SEP 1
| #define HAVE_ALLOCA_H 1
| #define HAVE_ALLOCA 1
| #define HAVE_UINTPTR_T 1
| #define HAVE_VA_COPY 1
| #define HAVE_SETLOCALE 1
| #define HAVE_GETTIMEOFDAY 1
| #define HAVE_SIGNAL 1
| #define HAVE_SIGACTION 1
| #define HAVE_LONG_LONG 1
| #define HAVE_INTMAX_T 1
| #define MPFR_HAVE_INTMAX_MAX 1
| /* end confdefs.h.  */
| 
| #if HAVE_SYS_FPU_H
| #  include <sys/fpu.h>
| #endif
| 
| 
| int
| main (void)
| {
| if (sizeof (union fpc_csr))
| 	 return 0;
|   ;
|   return 0;
| }
configure:16452: result: no
configure:16466: checking for _Noreturn
configure:16477: x86_64-linux-gnu-gcc -c -Wall -Wmissing-prototypes -Wc++-compat -Wpointer-arith -g -O2 -ffile-prefix-map=/build/gmp-Wr5pU1/gmp-6.2.1+dfsg=. -flto=auto -ffat-lto-objects -flto=auto -ffat-lto-objects -fstack-protector-strong -Wformat -Werror=format-security -O3  conftest.c >&5
configure:16477: $? = 0
configure:16486: result: yes
configure:16494: checking for __builtin_unreachable
configure:16513: x86_64-linux-gnu-gcc -o conftest -Wall -Wmissing-prototypes -Wc++-compat -Wpointer-arith -g -O2 -ffile-prefix-map=/build/gmp-Wr5pU1/gmp-6.2.1+dfsg=. -flto=auto -ffat-lto-objects -flto=auto -ffat-lto-objects -fstack-protector-strong -Wformat -Werror=format-security -O3   conftest.c  >&5
configure:16513: $? = 0
configure:16523: result: yes
configure:16532: checking for constructor and destructor attributes
configure:16554: x86_64-linux-gnu-gcc -o conftest -Wall -Wmissing-prototypes -Wc++-compat -Wpointer-arith -g -O2 -ffile-prefix-map=/build/gmp-Wr5pU1/gmp-6.2.1+dfsg=. -flto=auto -ffat-lto-objects -flto=auto -ffat-lto-objects -fstack-protector-strong -Wformat -Werror=format-security -O3   conftest.c  >&5
configure:16554: $? = 0
configure:16556: result: yes
configure:16574: checking for fesetround
configure:16594: x86_64-linux-gnu-gcc -o conftest -Wall -Wmissing-prototypes -Wc++-compat -Wpointer-arith -g -O2 -ffile-prefix-map=/build/gmp-Wr5pU1/gmp-6.2.1+dfsg=. -flto=auto -ffat-lto-objects -flto=auto -ffat-lto-objects -fstack-protector-strong -Wformat -Werror=format-security -O3   conftest.c  -lm >&5
configure:16594: $? = 0
configure:16605: result: yes
configure:16614: checking for gcc float-conversion bug
configure:16656: x86_64-linux-gnu-gcc -o conftest -Wall -Wmissing-prototypes -Wc++-compat -Wpointer-arith -g -O2 -ffile-prefix-map=/build/gmp-Wr5pU1/gmp-6.2.1+dfsg=. -flto=auto -ffat-lto-objects -flto=auto -ffat-lto-objects -fstack-protector-strong -Wformat -Werror=format-security -O3   conftest.c  -lm >&5
configure:16656: $? = 0
configure:16656: ./conftest
configure:16656: $? = 0
configure:16669: result: no
configure:16676: checking for subnormal double-precision numbers
configure:16699: x86_64-linux-gnu-gcc -o conftest -Wall -Wmissing-prototypes -Wc++-compat -Wpointer-arith -g -O2 -ffile-prefix-map=/build/gmp-Wr5pU1/gmp-6.2.1+dfsg=. -flto=auto -ffat-lto-objects -flto=auto -ffat-lto-objects -fstack-protector-strong -Wformat -Werror=format-security -O3   conftest.c  >&5
configure:16699: $? = 0
configure:16699: ./conftest
1.112537e-308
configure:16699: $? = 0
configure:16711: result: yes
configure:16718: checking for subnormal single-precision numbers
configure:16741: x86_64-linux-gnu-gcc -o conftest -Wall -Wmissing-prototypes -Wc++-compat -Wpointer-arith -g -O2 -ffile-prefix-map=/build/gmp-Wr5pU1/gmp-6.2.1+dfsg=. -flto=auto -ffat-lto-objects -flto=auto -ffat-lto-objects -fstack-protector-strong -Wformat -Werror=format-security -O3   conftest.c  >&5
configure:16741: $? = 0
configure:16741: ./conftest
5.877472e-39
configure:16741: $? = 0
configure:16753: result: yes
configure:16761: checking for signed zeros
configure:16780: x86_64-linux-gnu-gcc -o conftest -Wall -Wmissing-prototypes -Wc++-compat -Wpointer-arith -g -O2 -ffile-prefix-map=/build/gmp-Wr5pU1/gmp-6.2.1+dfsg=. -flto=auto -ffat-lto-objects -flto=auto -ffat-lto-objects -fstack-protector-strong -Wformat -Werror=format-security -O3   conftest.c  >&5
configure:16780: $? = 0
configure:16780: ./conftest
configure:16780: $? = 0
configure:16792: result: yes
configure:16800: checking if the FP division by 0 fails
configure:16823: x86_64-linux-gnu-gcc -o conftest -Wall -Wmissing-prototypes -Wc++-compat -Wpointer-arith -g -O2 -ffile-prefix-map=/build/gmp-Wr5pU1/gmp-6.2.1+dfsg=. -flto=auto -ffat-lto-objects -flto=auto -ffat-lto-objects -fstack-protector-strong -Wformat -Werror=format-security -O3   conftest.c  >&5
configure:16823: $? = 0
configure:16823: ./conftest
configure:16823: $? = 0
configure:16835: result: no
configure:16849: checking if NAN == NAN
configure:16875: x86_64-linux-gnu-gcc -o conftest -Wall -Wmissing-prototypes -Wc++-compat -Wpointer-arith -g -O2 -ffile-prefix-map=/build/gmp-Wr5pU1/gmp-6.2.1+dfsg=. -flto=auto -ffat-lto-objects -flto=auto -ffat-lto-objects -fstack-protector-strong -Wformat -Werror=format-security -O3   conftest.c  >&5
configure:16875: $? = 0
configure:16875: ./conftest
configure:16875: $? = 1
configure: program exited with status 1
configure: failed program was:
| /* confdefs.h */
| #define PACKAGE_NAME "MPFR"
| #define PACKAGE_TARNAME "mpfr"
| #define PACKAGE_VERSION "4.2.1"
| #define PACKAGE_STRING "MPFR 4.2.1"
| #define PACKAGE_BUGREPORT ""
| #define PACKAGE_URL ""
| #define HAVE_STDIO_H 1
| #define HAVE_STDLIB_H 1
| #define HAVE_STRING_H 1
| #define HAVE_INTTYPES_H 1
| #define HAVE_STDINT_H 1
| #define HAVE_STRINGS_H 1
| #define HAVE_SYS_STAT_H 1
| #define HAVE_SYS_TYPES_H 1
| #define HAVE_UNISTD_H 1
| #define STDC_HEADERS 1
| #define HAVE_DLFCN_H 1
| #define LT_OBJDIR ".libs/"
| #define HAVE_LITTLE_ENDIAN 1
| #define HAVE_CLOCK_GETTIME 1
| #define HAVE_LOCALE_H 1
| #define HAVE_WCHAR_H 1
| #define HAVE_STDARG 1
| #define HAVE_STRUCT_LCONV_DECIMAL_POINT 1
| #define HAVE_STRUCT_LCONV_THOUSANDS_SEP 1
| #define HAVE_ALLOCA_H 1
| #define HAVE_ALLOCA 1
| #define HAVE_UINTPTR_T 1
| #define HAVE_VA_COPY 1
| #define HAVE_SETLOCALE 1
| #define HAVE_GETTIMEOFDAY 1
| #define HAVE_SIGNAL 1
| #define HAVE_SIGACTION 1
| #define HAVE_LONG_LONG 1
| #define HAVE_INTMAX_T 1
| #define MPFR_HAVE_INTMAX_MAX 1
| #define MPFR_HAVE_NORETURN 1
| #define MPFR_HAVE_BUILTIN_UNREACHABLE 1
| #define MPFR_HAVE_CONSTRUCTOR_ATTR 1
| #define MPFR_HAVE_FESETROUND 1
| #define HAVE_SUBNORM_DBL 1
| #define HAVE_SUBNORM_FLT 1
| #define HAVE_SIGNEDZ 1
| /* end confdefs.h.  */
| 
| #include <stdio.h>
| #include <math.h>
| #ifndef NAN
| # define NAN (0.0/0.0)
| #endif
| int main (void) {
|   double d;
|   d = NAN;
|   return d != d;
| }
| 
configure:16887: result: no
configure:16915: checking if charset has consecutive values
configure:16946: x86_64-linux-gnu-gcc -o conftest -Wall -Wmissing-prototypes -Wc++-compat -Wpointer-arith -g -O2 -ffile-prefix-map=/build/gmp-Wr5pU1/gmp-6.2.1+dfsg=. -flto=auto -ffat-lto-objects -flto=auto -ffat-lto-objects -fstack-protector-strong -Wformat -Werror=format-security -O3   conftest.c  >&5
configure:16946: $? = 0
configure:16946: ./conftest
configure:16946: $? = 0
configure:16948: result: yes
configure:16966: checking for math/round
configure:16984: x86_64-linux-gnu-gcc -o conftest -Wall -Wmissing-prototypes -Wc++-compat -Wpointer-arith -g -O2 -ffile-prefix-map=/build/gmp-Wr5pU1/gmp-6.2.1+dfsg=. -flto=auto -ffat-lto-objects -flto=auto -ffat-lto-objects -fstack-protector-strong -Wformat -Werror=format-security -O3   conftest.c  -lm >&5
configure:16984: $? = 0
configure:16987: result: yes
configure:17000: checking for math/trunc
configure:17018: x86_64-linux-gnu-gcc -o conftest -Wall -Wmissing-prototypes -Wc++-compat -Wpointer-arith -g -O2 -ffile-prefix-map=/build/gmp-Wr5pU1/gmp-6.2.1+dfsg=. -flto=auto -ffat-lto-objects -flto=auto -ffat-lto-objects -fstack-protector-strong -Wformat -Werror=format-security -O3   conftest.c  -lm >&5
configure:17018: $? = 0
configure:17021: result: yes
configure:17034: checking for math/floor
configure:17052: x86_64-linux-gnu-gcc -o conftest -Wall -Wmissing-prototypes -Wc++-compat -Wpointer-arith -g -O2 -ffile-prefix-map=/build/gmp-Wr5pU1/gmp-6.2.1+dfsg=. -flto=auto -ffat-lto-objects -flto=auto -ffat-lto-objects -fstack-protector-strong -Wformat -Werror=format-security -O3   conftest.c  -lm >&5
configure:17052: $? = 0
configure:17055: result: yes
configure:17068: checking for math/ceil
configure:17086: x86_64-linux-gnu-gcc -o conftest -Wall -Wmissing-prototypes -Wc++-compat -Wpointer-arith -g -O2 -ffile-prefix-map=/build/gmp-Wr5pU1/gmp-6.2.1+dfsg=. -flto=auto -ffat-lto-objects -flto=auto -ffat-lto-objects -fstack-protector-strong -Wformat -Werror=format-security -O3   conftest.c  -lm >&5
configure:17086: $? = 0
configure:17089: result: yes
configure:17102: checking for math/nearbyint
configure:17120: x86_64-linux-gnu-gcc -o conftest -Wall -Wmissing-prototypes -Wc++-compat -Wpointer-arith -g -O2 -ffile-prefix-map=/build/gmp-Wr5pU1/gmp-6.2.1+dfsg=. -flto=auto -ffat-lto-objects -flto=auto -ffat-lto-objects -fstack-protector-strong -Wformat -Werror=format-security -O3   conftest.c  -lm >&5
configure:17120: $? = 0
configure:17123: result: yes
configure:17141: checking format of floating-point type `double'
configure:17176: x86_64-linux-gnu-gcc -Wall -Wmissing-prototypes -Wc++-compat -Wpointer-arith -g -O2 -ffile-prefix-map=/build/gmp-Wr5pU1/gmp-6.2.1+dfsg=. -flto=auto -ffat-lto-objects -flto=auto -ffat-lto-objects -fstack-protector-strong -Wformat -Werror=format-security -O3   conftest.c -o conftest >&5 2>&1
configure:17179: $? = 0
configure:17473: result: IEEE double, little endian
configure:17495: checking format of floating-point type `long double'
configure:17530: x86_64-linux-gnu-gcc -Wall -Wmissing-prototypes -Wc++-compat -Wpointer-arith -g -O2 -ffile-prefix-map=/build/gmp-Wr5pU1/gmp-6.2.1+dfsg=. -flto=auto -ffat-lto-objects -flto=auto -ffat-lto-objects -fstack-protector-strong -Wformat -Werror=format-security -O3   conftest.c -o conftest >&5 2>&1
configure:17533: $? = 0
configure:17827: result: IEEE extended, little endian (16 bytes)
configure:17883: checking for TLS support using C11
configure:17905: x86_64-linux-gnu-gcc -o conftest -Wall -Wmissing-prototypes -Wc++-compat -Wpointer-arith -g -O2 -ffile-prefix-map=/build/gmp-Wr5pU1/gmp-6.2.1+dfsg=. -flto=auto -ffat-lto-objects -flto=auto -ffat-lto-objects -fstack-protector-strong -Wformat -Werror=format-security -O3  -I./src  conftest.c  >&5
configure:17905: $? = 0
configure:17905: ./conftest
configure:17905: $? = 0
configure:17907: result: yes
configure:17988: checking if compiler knows _Decimal64
configure:18001: x86_64-linux-gnu-gcc -c -Wall -Wmissing-prototypes -Wc++-compat -Wpointer-arith -g -O2 -ffile-prefix-map=/build/gmp-Wr5pU1/gmp-6.2.1+dfsg=. -flto=auto -ffat-lto-objects -flto=auto -ffat-lto-objects -fstack-protector-strong -Wformat -Werror=format-security -O3  conftest.c >&5
configure:18001: $? = 0
configure:18003: result: yes
configure:18005: checking decimal float format
configure:18033: x86_64-linux-gnu-gcc -o conftest -Wall -Wmissing-prototypes -Wc++-compat -Wpointer-arith -g -O2 -ffile-prefix-map=/build/gmp-Wr5pU1/gmp-6.2.1+dfsg=. -flto=auto -ffat-lto-objects -flto=auto -ffat-lto-objects -fstack-protector-strong -Wformat -Werror=format-security -O3   conftest.c  >&5
configure:18033: $? = 0
configure:18033: ./conftest
configure:18033: $? = 81
configure: program exited with status 81
configure: failed program was:
| /* confdefs.h */
| #define PACKAGE_NAME "MPFR"
| #define PACKAGE_TARNAME "mpfr"
| #define PACKAGE_VERSION "4.2.1"
| #define PACKAGE_STRING "MPFR 4.2.1"
| #define PACKAGE_BUGREPORT ""
| #define PACKAGE_URL ""
| #define HAVE_STDIO_H 1
| #define HAVE_STDLIB_H 1
| #define HAVE_STRING_H 1
| #define HAVE_INTTYPES_H 1
| #define HAVE_STDINT_H 1
| #define HAVE_STRINGS_H 1
| #define HAVE_SYS_STAT_H 1
| #define HAVE_SYS_TYPES_H 1
| #define HAVE_UNISTD_H 1
| #define STDC_HEADERS 1
| #define HAVE_DLFCN_H 1
| #define LT_OBJDIR ".libs/"
| #define HAVE_LITTLE_ENDIAN 1
| #define HAVE_CLOCK_GETTIME 1
| #define HAVE_LOCALE_H 1
| #define HAVE_WCHAR_H 1
| #define HAVE_STDARG 1
| #define HAVE_STRUCT_LCONV_DECIMAL_POINT 1
| #define HAVE_STRUCT_LCONV_THOUSANDS_SEP 1
| #define HAVE_ALLOCA_H 1
| #define HAVE_ALLOCA 1
| #define HAVE_UINTPTR_T 1
| #define HAVE_VA_COPY 1
| #define HAVE_SETLOCALE 1
| #define HAVE_GETTIMEOFDAY 1
| #define HAVE_SIGNAL 1
| #define HAVE_SIGACTION 1
| #define HAVE_LONG_LONG 1
| #define HAVE_INTMAX_T 1
| #define MPFR_HAVE_INTMAX_MAX 1
| #define MPFR_HAVE_NORETURN 1
| #define MPFR_HAVE_BUILTIN_UNREACHABLE 1
| #define MPFR_HAVE_CONSTRUCTOR_ATTR 1
| #define MPFR_HAVE_FESETROUND 1
| #define HAVE_SUBNORM_DBL 1
| #define HAVE_SUBNORM_FLT 1
| #define HAVE_SIGNEDZ 1
| #define HAVE_ROUND 1
| #define HAVE_TRUNC 1
| #define HAVE_FLOOR 1
| #define HAVE_CEIL 1
| #define HAVE_NEARBYINT 1
| #define HAVE_DOUBLE_IEEE_LITTLE_ENDIAN 1
| #define HAVE_LDOUBLE_IEEE_EXT_LITTLE 1
| #define MPFR_USE_THREAD_SAFE 1
| #define MPFR_USE_C11_THREAD_SAFE 1
| /* end confdefs.h.  */
| 
| #include <stdlib.h>
| 
| int
| main (void)
| {
| 
| volatile _Decimal64 x = 1;
| union { double d; _Decimal64 d64; } y;
| if (x != x) return 83;
| y.d64 = 1234567890123456.0dd;
| return y.d == 0.14894469406741037E-123 ? 80 :
|        y.d == 0.59075095508629822E-68  ? 81 : 82;
| 
|   ;
|   return 0;
| }
configure:18052: result: BID
configure:18126: checking bit-field ordering for _Decimal128
configure:18169: x86_64-linux-gnu-gcc -o conftest -Wall -Wmissing-prototypes -Wc++-compat -Wpointer-arith -g -O2 -ffile-prefix-map=/build/gmp-Wr5pU1/gmp-6.2.1+dfsg=. -flto=auto -ffat-lto-objects -flto=auto -ffat-lto-objects -fstack-protector-strong -Wformat -Werror=format-security -O3   conftest.c  >&5
configure:18169: $? = 0
configure:18169: ./conftest
configure:18169: $? = 80
configure: program exited with status 80
configure: failed program was:
| /* confdefs.h */
| #define PACKAGE_NAME "MPFR"
| #define PACKAGE_TARNAME "mpfr"
| #define PACKAGE_VERSION "4.2.1"
| #define PACKAGE_STRING "MPFR 4.2.1"
| #define PACKAGE_BUGREPORT ""
| #define PACKAGE_URL ""
| #define HAVE_STDIO_H 1
| #define HAVE_STDLIB_H 1
| #define HAVE_STRING_H 1
| #define HAVE_INTTYPES_H 1
| #define HAVE_STDINT_H 1
| #define HAVE_STRINGS_H 1
| #define HAVE_SYS_STAT_H 1
| #define HAVE_SYS_TYPES_H 1
| #define HAVE_UNISTD_H 1
| #define STDC_HEADERS 1
| #define HAVE_DLFCN_H 1
| #define LT_OBJDIR ".libs/"
| #define HAVE_LITTLE_ENDIAN 1
| #define HAVE_CLOCK_GETTIME 1
| #define HAVE_LOCALE_H 1
| #define HAVE_WCHAR_H 1
| #define HAVE_STDARG 1
| #define HAVE_STRUCT_LCONV_DECIMAL_POINT 1
| #define HAVE_STRUCT_LCONV_THOUSANDS_SEP 1
| #define HAVE_ALLOCA_H 1
| #define HAVE_ALLOCA 1
| #define HAVE_UINTPTR_T 1
| #define HAVE_VA_COPY 1
| #define HAVE_SETLOCALE 1
| #define HAVE_GETTIMEOFDAY 1
| #define HAVE_SIGNAL 1
| #define HAVE_SIGACTION 1
| #define HAVE_LONG_LONG 1
| #define HAVE_INTMAX_T 1
| #define MPFR_HAVE_INTMAX_MAX 1
| #define MPFR_HAVE_NORETURN 1
| #define MPFR_HAVE_BUILTIN_UNREACHABLE 1
| #define MPFR_HAVE_CONSTRUCTOR_ATTR 1
| #define MPFR_HAVE_FESETROUND 1
| #define HAVE_SUBNORM_DBL 1
| #define HAVE_SUBNORM_FLT 1
| #define HAVE_SIGNEDZ 1
| #define HAVE_ROUND 1
| #define HAVE_TRUNC 1
| #define HAVE_FLOOR 1
| #define HAVE_CEIL 1
| #define HAVE_NEARBYINT 1
| #define HAVE_DOUBLE_IEEE_LITTLE_ENDIAN 1
| #define HAVE_LDOUBLE_IEEE_EXT_LITTLE 1
| #define MPFR_USE_THREAD_SAFE 1
| #define MPFR_USE_C11_THREAD_SAFE 1
| #define MPFR_WANT_DECIMAL_FLOATS 1
| #define DECIMAL_BID_FORMAT 1
| /* end confdefs.h.  */
| 
| 
| int
| main (void)
| {
| 
|     union ieee_decimal128
|     {
|       struct
|       {
|         unsigned int t3:32;
|         unsigned int t2:32;
|         unsigned int t1:32;
|         unsigned int t0:14;
|         unsigned int comb:17;
|         unsigned int sig:1;
|       } s;
|       _Decimal128 d128;
|     } x;
| 
|     x.d128 = 1.0dl;
|     if (x.s.sig == 0 && x.s.comb == 49400 &&
|         x.s.t0 == 0 && x.s.t1 == 0 && x.s.t2 == 0 && x.s.t3 == 10)
|        return 80; /* little endian */
|     else if (x.s.sig == 0 && x.s.comb == 8 &&
|              x.s.t0 == 0 && x.s.t1 == 0 && x.s.t2 == 0 && x.s.t3 == 570933248)
|        return 81; /* big endian */
|     else
|        return 82; /* unknown encoding */
| 
|   ;
|   return 0;
| }
configure:18176: result: little endian
configure:18197: checking if _Float128 with hex constants is supported
configure:18213: x86_64-linux-gnu-gcc -o conftest -Wall -Wmissing-prototypes -Wc++-compat -Wpointer-arith -g -O2 -ffile-prefix-map=/build/gmp-Wr5pU1/gmp-6.2.1+dfsg=. -flto=auto -ffat-lto-objects -flto=auto -ffat-lto-objects -fstack-protector-strong -Wformat -Werror=format-security -O3   conftest.c  >&5
configure:18213: $? = 0
configure:18215: result: yes
configure:18267: checking for Static Assertion support
configure:18288: x86_64-linux-gnu-gcc -c -Wall -Wmissing-prototypes -Wc++-compat -Wpointer-arith -g -O2 -ffile-prefix-map=/build/gmp-Wr5pU1/gmp-6.2.1+dfsg=. -flto=auto -ffat-lto-objects -flto=auto -ffat-lto-objects -fstack-protector-strong -Wformat -Werror=format-security -O3  -I./src conftest.c >&5
configure:18288: $? = 0
configure:18290: result: yes
configure:18446: checking whether gcc __attribute__ ((mode (XX))) works
configure:18463: x86_64-linux-gnu-gcc -c -Wall -Wmissing-prototypes -Wc++-compat -Wpointer-arith -g -O2 -ffile-prefix-map=/build/gmp-Wr5pU1/gmp-6.2.1+dfsg=. -flto=auto -ffat-lto-objects -flto=auto -ffat-lto-objects -fstack-protector-strong -Wformat -Werror=format-security -O3  conftest.c >&5
configure:18463: $? = 0
configure:18472: result: yes
configure:18486: checking for gmp.h
configure:18494: x86_64-linux-gnu-gcc -c -Wall -Wmissing-prototypes -Wc++-compat -Wpointer-arith -g -O2 -ffile-prefix-map=/build/gmp-Wr5pU1/gmp-6.2.1+dfsg=. -flto=auto -ffat-lto-objects -flto=auto -ffat-lto-objects -fstack-protector-strong -Wformat -Werror=format-security -O3  conftest.c >&5
configure:18494: $? = 0
configure:18496: result: yes
configure:18577: checking for recent GMP
configure:18589: x86_64-linux-gnu-gcc -c -Wall -Wmissing-prototypes -Wc++-compat -Wpointer-arith -g -O2 -ffile-prefix-map=/build/gmp-Wr5pU1/gmp-6.2.1+dfsg=. -flto=auto -ffat-lto-objects -flto=auto -ffat-lto-objects -fstack-protector-strong -Wformat -Werror=format-security -O3  conftest.c >&5
configure:18589: $? = 0
configure:18591: result: yes
configure:18602: checking usable gmp.h at link time
configure:18617: x86_64-linux-gnu-gcc -o conftest -Wall -Wmissing-prototypes -Wc++-compat -Wpointer-arith -g -O2 -ffile-prefix-map=/build/gmp-Wr5pU1/gmp-6.2.1+dfsg=. -flto=auto -ffat-lto-objects -flto=auto -ffat-lto-objects -fstack-protector-strong -Wformat -Werror=format-security -O3   conftest.c  >&5
configure:18617: $? = 0
configure:18619: result: yes
configure:18660: checking for GMP_NUMB_BITS and sizeof(mp_limb_t) consistency
configure:18690: x86_64-linux-gnu-gcc -o conftest -Wall -Wmissing-prototypes -Wc++-compat -Wpointer-arith -g -O2 -ffile-prefix-map=/build/gmp-Wr5pU1/gmp-6.2.1+dfsg=. -flto=auto -ffat-lto-objects -flto=auto -ffat-lto-objects -fstack-protector-strong -Wformat -Werror=format-security -O3   conftest.c  >&5
configure:18690: $? = 0
configure:18690: ./conftest
configure:18690: $? = 0
configure:18692: result: yes
configure:18709: checking for long to fit in mp_limb_t
configure:18738: x86_64-linux-gnu-gcc -o conftest -Wall -Wmissing-prototypes -Wc++-compat -Wpointer-arith -g -O2 -ffile-prefix-map=/build/gmp-Wr5pU1/gmp-6.2.1+dfsg=. -flto=auto -ffat-lto-objects -flto=auto -ffat-lto-objects -fstack-protector-strong -Wformat -Werror=format-security -O3  -I./src  conftest.c  >&5
configure:18738: $? = 0
configure:18748: result: yes
configure:18761: checking for intmax_t to fit in mp_limb_t
configure:18791: x86_64-linux-gnu-gcc -o conftest -Wall -Wmissing-prototypes -Wc++-compat -Wpointer-arith -g -O2 -ffile-prefix-map=/build/gmp-Wr5pU1/gmp-6.2.1+dfsg=. -flto=auto -ffat-lto-objects -flto=auto -ffat-lto-objects -fstack-protector-strong -Wformat -Werror=format-security -O3  -I./src -DMPFR_NEED_INTMAX_H  conftest.c  >&5
configure:18791: $? = 0
configure:18801: result: yes
configure:18815: checking if we can link with GMP
configure:18833: x86_64-linux-gnu-gcc -o conftest -Wall -Wmissing-prototypes -Wc++-compat -Wpointer-arith -g -O2 -ffile-prefix-map=/build/gmp-Wr5pU1/gmp-6.2.1+dfsg=. -flto=auto -ffat-lto-objects -flto=auto -ffat-lto-objects -fstack-protector-strong -Wformat -Werror=format-security -O3   conftest.c -lgmp  >&5
configure:18833: $? = 0
configure:18835: result: yes
configure:18848: checking if gmp.h version and libgmp version are the same
configure:18888: x86_64-linux-gnu-gcc -o conftest -Wall -Wmissing-prototypes -Wc++-compat -Wpointer-arith -g -O2 -ffile-prefix-map=/build/gmp-Wr5pU1/gmp-6.2.1+dfsg=. -flto=auto -ffat-lto-objects -flto=auto -ffat-lto-objects -fstack-protector-strong -Wformat -Werror=format-security -O3   conftest.c -lgmp  >&5
configure:18888: $? = 0
configure:18888: ./conftest
gmp.h: 6.2.1 / libgmp: 6.2.1
configure:18888: $? = 0
configure:18890: result: yes
configure:18893: checking for GMP library vs header correctness
configure:18940: x86_64-linux-gnu-gcc -o conftest -Wall -Wmissing-prototypes -Wc++-compat -Wpointer-arith -g -O2 -ffile-prefix-map=/build/gmp-Wr5pU1/gmp-6.2.1+dfsg=. -flto=auto -ffat-lto-objects -flto=auto -ffat-lto-objects -fstack-protector-strong -Wformat -Werror=format-security -O3   conftest.c -lgmp  >&5
configure:18940: $? = 0
configure:18940: ./conftest
GMP_NAIL_BITS     = 0
GMP_NUMB_BITS     = 64
mp_bits_per_limb  = 64
sizeof(mp_limb_t) = 8
configure:18940: $? = 0
configure:18952: result: yes
configure:18961: checking for double-to-integer conversion bug
configure:19006: x86_64-linux-gnu-gcc -o conftest -Wall -Wmissing-prototypes -Wc++-compat -Wpointer-arith -g -O2 -ffile-prefix-map=/build/gmp-Wr5pU1/gmp-6.2.1+dfsg=. -flto=auto -ffat-lto-objects -flto=auto -ffat-lto-objects -fstack-protector-strong -Wformat -Werror=format-security -O3   conftest.c -lgmp  >&5
configure:19006: $? = 0
configure:19006: ./conftest
configure:19006: $? = 0
configure:19018: result: no
configure:19029: checking if gmp_printf supports "%jd"
configure:19077: x86_64-linux-gnu-gcc -o conftest -Wall -Wmissing-prototypes -Wc++-compat -Wpointer-arith -g -O2 -ffile-prefix-map=/build/gmp-Wr5pU1/gmp-6.2.1+dfsg=. -flto=auto -ffat-lto-objects -flto=auto -ffat-lto-objects -fstack-protector-strong -Wformat -Werror=format-security -O3   conftest.c -lgmp  >&5
configure:19077: $? = 0
configure:19077: ./conftest
configure:19077: $? = 0
configure:19079: result: yes
configure:19097: checking if gmp_printf supports "%hhd"
configure:19140: x86_64-linux-gnu-gcc -o conftest -Wall -Wmissing-prototypes -Wc++-compat -Wpointer-arith -g -O2 -ffile-prefix-map=/build/gmp-Wr5pU1/gmp-6.2.1+dfsg=. -flto=auto -ffat-lto-objects -flto=auto -ffat-lto-objects -fstack-protector-strong -Wformat -Werror=format-security -O3   conftest.c -lgmp  >&5
configure:19140: $? = 0
configure:19140: ./conftest
configure:19140: $? = 0
configure:19142: result: yes
configure:19159: checking if gmp_printf supports "%lld"
configure:19202: x86_64-linux-gnu-gcc -o conftest -Wall -Wmissing-prototypes -Wc++-compat -Wpointer-arith -g -O2 -ffile-prefix-map=/build/gmp-Wr5pU1/gmp-6.2.1+dfsg=. -flto=auto -ffat-lto-objects -flto=auto -ffat-lto-objects -fstack-protector-strong -Wformat -Werror=format-security -O3   conftest.c -lgmp  >&5
configure:19202: $? = 0
configure:19202: ./conftest
configure:19202: $? = 0
configure:19204: result: yes
configure:19221: checking if gmp_printf supports "%Lf"
configure:19266: x86_64-linux-gnu-gcc -o conftest -Wall -Wmissing-prototypes -Wc++-compat -Wpointer-arith -g -O2 -ffile-prefix-map=/build/gmp-Wr5pU1/gmp-6.2.1+dfsg=. -flto=auto -ffat-lto-objects -flto=auto -ffat-lto-objects -fstack-protector-strong -Wformat -Werror=format-security -O3   conftest.c -lgmp  >&5
configure:19266: $? = 0
configure:19266: ./conftest
configure:19266: $? = 0
configure:19268: result: yes
configure:19287: checking if gmp_printf supports "%td"
configure:19337: x86_64-linux-gnu-gcc -o conftest -Wall -Wmissing-prototypes -Wc++-compat -Wpointer-arith -g -O2 -ffile-prefix-map=/build/gmp-Wr5pU1/gmp-6.2.1+dfsg=. -flto=auto -ffat-lto-objects -flto=auto -ffat-lto-objects -fstack-protector-strong -Wformat -Werror=format-security -O3   conftest.c -lgmp  >&5
configure:19337: $? = 0
configure:19337: ./conftest
configure:19337: $? = 0
configure:19339: result: yes
configure:19358: checking if gmp_printf supports the ' group flag
configure:19384: x86_64-linux-gnu-gcc -o conftest -Wall -Wmissing-prototypes -Wc++-compat -Wpointer-arith -g -O2 -ffile-prefix-map=/build/gmp-Wr5pU1/gmp-6.2.1+dfsg=. -flto=auto -ffat-lto-objects -flto=auto -ffat-lto-objects -fstack-protector-strong -Wformat -Werror=format-security -O3   conftest.c -lgmp  >&5
configure:19384: $? = 0
configure:19384: ./conftest
configure:19384: $? = 0
configure:19386: result: yes
configure:19447: checking for __gmpn_sbpi1_divappr_q
configure:19447: x86_64-linux-gnu-gcc -o conftest -Wall -Wmissing-prototypes -Wc++-compat -Wpointer-arith -g -O2 -ffile-prefix-map=/build/gmp-Wr5pU1/gmp-6.2.1+dfsg=. -flto=auto -ffat-lto-objects -flto=auto -ffat-lto-objects -fstack-protector-strong -Wformat -Werror=format-security -O3   conftest.c -lgmp  >&5
configure:19447: $? = 0
configure:19447: result: yes
configure:19454: checking for __gmpn_invert_limb
configure:19454: x86_64-linux-gnu-gcc -o conftest -Wall -Wmissing-prototypes -Wc++-compat -Wpointer-arith -g -O2 -ffile-prefix-map=/build/gmp-Wr5pU1/gmp-6.2.1+dfsg=. -flto=auto -ffat-lto-objects -flto=auto -ffat-lto-objects -fstack-protector-strong -Wformat -Werror=format-security -O3   conftest.c -lgmp  >&5
configure:19454: $? = 0
configure:19454: result: yes
configure:19461: checking for __gmpn_rsblsh1_n
configure:19461: x86_64-linux-gnu-gcc -o conftest -Wall -Wmissing-prototypes -Wc++-compat -Wpointer-arith -g -O2 -ffile-prefix-map=/build/gmp-Wr5pU1/gmp-6.2.1+dfsg=. -flto=auto -ffat-lto-objects -flto=auto -ffat-lto-objects -fstack-protector-strong -Wformat -Werror=format-security -O3   conftest.c -lgmp  >&5
configure:19461: $? = 0
configure:19461: result: yes
configure:19514: checking for getrusage
configure:19514: x86_64-linux-gnu-gcc -o conftest -Wall -Wmissing-prototypes -Wc++-compat -Wpointer-arith -g -O2 -ffile-prefix-map=/build/gmp-Wr5pU1/gmp-6.2.1+dfsg=. -flto=auto -ffat-lto-objects -flto=auto -ffat-lto-objects -fstack-protector-strong -Wformat -Werror=format-security -O3   conftest.c -lgmp  >&5
configure:19514: $? = 0
configure:19514: result: yes
configure:19677: checking that generated files are newer than configure
configure:19683: result: done
configure:19714: creating ./config.status

## ---------------------- ##
## Running config.status. ##
## ---------------------- ##

This file was extended by MPFR config.status 4.2.1, which was
generated by GNU Autoconf 2.71.  Invocation command line was

  CONFIG_FILES    = 
  CONFIG_HEADERS  = 
  CONFIG_LINKS    = 
  CONFIG_COMMANDS = 
  $ ./config.status 

on extrastufff054-cdac-el351m8p9wv

config.status:1039: creating Makefile
config.status:1039: creating mpfr.pc
config.status:1039: creating doc/Makefile
config.status:1039: creating src/Makefile
config.status:1039: creating tests/Makefile
config.status:1039: creating tune/Makefile
config.status:1039: creating src/mparam.h
config.status:1039: creating tools/bench/Makefile
config.status:1211: executing depfiles commands
config.status:1288: cd src       && sed -e '/# am--include-marker/d' Makefile         | make -f - am--depfiles
config.status:1293: $? = 0
config.status:1288: cd tests       && sed -e '/# am--include-marker/d' Makefile         | make -f - am--depfiles
config.status:1293: $? = 0
config.status:1288: cd tune       && sed -e '/# am--include-marker/d' Makefile         | make -f - am--depfiles
config.status:1293: $? = 0
config.status:1288: cd tools/bench       && sed -e '/# am--include-marker/d' Makefile         | make -f - am--depfiles
config.status:1293: $? = 0
config.status:1211: executing libtool commands

## ---------------- ##
## Cache variables. ##
## ---------------- ##

ac_cv_build=x86_64-pc-linux-gnu
ac_cv_c_bigendian=no
ac_cv_c_compiler_gnu=yes
ac_cv_c_const=yes
ac_cv_c_volatile=yes
ac_cv_env_CC_set=
ac_cv_env_CC_value=
ac_cv_env_CFLAGS_set=
ac_cv_env_CFLAGS_value=
ac_cv_env_CPPFLAGS_set=
ac_cv_env_CPPFLAGS_value=
ac_cv_env_CPP_set=
ac_cv_env_CPP_value=
ac_cv_env_LDFLAGS_set=
ac_cv_env_LDFLAGS_value=
ac_cv_env_LIBS_set=
ac_cv_env_LIBS_value=
ac_cv_env_LT_SYS_LIBRARY_PATH_set=
ac_cv_env_LT_SYS_LIBRARY_PATH_value=
ac_cv_env_build_alias_set=
ac_cv_env_build_alias_value=
ac_cv_env_host_alias_set=
ac_cv_env_host_alias_value=
ac_cv_env_target_alias_set=
ac_cv_env_target_alias_value=
ac_cv_func___gmpn_invert_limb=yes
ac_cv_func___gmpn_rsblsh1_n=yes
ac_cv_func___gmpn_sbpi1_divappr_q=yes
ac_cv_func_alloca_works=yes
ac_cv_func_getrusage=yes
ac_cv_func_gettimeofday=yes
ac_cv_func_setlocale=yes
ac_cv_func_signal=yes
ac_cv_header_dlfcn_h=yes
ac_cv_header_float_h=yes
ac_cv_header_inttypes_h=yes
ac_cv_header_limits_h=yes
ac_cv_header_locale_h=yes
ac_cv_header_stdarg_h=yes
ac_cv_header_stdint_h=yes
ac_cv_header_stdio_h=yes
ac_cv_header_stdlib_h=yes
ac_cv_header_string_h=yes
ac_cv_header_strings_h=yes
ac_cv_header_sys_fpu_h=no
ac_cv_header_sys_stat_h=yes
ac_cv_header_sys_types_h=yes
ac_cv_header_unistd_h=yes
ac_cv_header_wchar_h=yes
ac_cv_host=x86_64-pc-linux-gnu
ac_cv_member_struct_lconv_decimal_point=yes
ac_cv_member_struct_lconv_thousands_sep=yes
ac_cv_objext=o
ac_cv_path_EGREP='/usr/bin/grep -E'
ac_cv_path_FGREP='/usr/bin/grep -F'
ac_cv_path_GREP=/usr/bin/grep
ac_cv_path_SED=/usr/bin/sed
ac_cv_path_install='/usr/bin/install -c'
ac_cv_path_lt_DD=/usr/bin/dd
ac_cv_path_mkdir=/usr/bin/mkdir
ac_cv_prog_AWK=gawk
ac_cv_prog_CPP='x86_64-linux-gnu-gcc -E'
ac_cv_prog_ac_ct_AR=ar
ac_cv_prog_ac_ct_CC=x86_64-linux-gnu-gcc
ac_cv_prog_ac_ct_FILECMD=file
ac_cv_prog_ac_ct_OBJDUMP=objdump
ac_cv_prog_ac_ct_RANLIB=ranlib
ac_cv_prog_ac_ct_STRIP=strip
ac_cv_prog_cc_c11=
ac_cv_prog_cc_g=yes
ac_cv_prog_cc_stdc=
ac_cv_prog_make_make_set=yes
ac_cv_search_clock_gettime='none required'
ac_cv_type_intmax_t=yes
ac_cv_type_long_long_int=yes
ac_cv_type_size_t=yes
ac_cv_type_uintptr_t=yes
ac_cv_type_union_fpc_csr=no
ac_cv_working_alloca_h=yes
am_cv_CC_dependencies_compiler_type=gcc3
am_cv_ar_interface=ar
am_cv_make_support_nested_variables=yes
am_cv_prog_cc_c_o=yes
gmp_cv_c_attribute_mode=yes
lt_cv_ar_at_file=@
lt_cv_archive_cmds_need_lc=no
lt_cv_deplibs_check_method=pass_all
lt_cv_file_magic_cmd='$MAGIC_CMD'
lt_cv_file_magic_test_file=
lt_cv_ld_reload_flag=-r
lt_cv_nm_interface='BSD nm'
lt_cv_objdir=.libs
lt_cv_path_LD=/usr/bin/ld
lt_cv_path_NM='/usr/bin/nm -B'
lt_cv_path_mainfest_tool=no
lt_cv_prog_compiler_c_o=yes
lt_cv_prog_compiler_pic='-fPIC -DPIC'
lt_cv_prog_compiler_pic_works=yes
lt_cv_prog_compiler_rtti_exceptions=no
lt_cv_prog_compiler_static_works=yes
lt_cv_prog_gnu_ld=yes
lt_cv_sharedlib_from_linklib_cmd='printf %s\n'
lt_cv_shlibpath_overrides_runpath=yes
lt_cv_sys_global_symbol_pipe='/usr/bin/sed -n -e '\''s/^.*[	 ]\([ABCDGIRSTW][ABCDGIRSTW]*\)[	 ][	 ]*\([_A-Za-z][_A-Za-z0-9]*\)$/\1 \2 \2/p'\'' | /usr/bin/sed '\''/ __gnu_lto/d'\'''
lt_cv_sys_global_symbol_to_c_name_address='/usr/bin/sed -n -e '\''s/^: \(.*\) .*$/  {"\1", (void *) 0},/p'\'' -e '\''s/^[ABCDGIRSTW][ABCDGIRSTW]* .* \(.*\)$/  {"\1", (void *) \&\1},/p'\'''
lt_cv_sys_global_symbol_to_c_name_address_lib_prefix='/usr/bin/sed -n -e '\''s/^: \(.*\) .*$/  {"\1", (void *) 0},/p'\'' -e '\''s/^[ABCDGIRSTW][ABCDGIRSTW]* .* \(lib.*\)$/  {"\1", (void *) \&\1},/p'\'' -e '\''s/^[ABCDGIRSTW][ABCDGIRSTW]* .* \(.*\)$/  {"lib\1", (void *) \&\1},/p'\'''
lt_cv_sys_global_symbol_to_cdecl='/usr/bin/sed -n -e '\''s/^T .* \(.*\)$/extern int \1();/p'\'' -e '\''s/^[ABCDGIRSTW][ABCDGIRSTW]* .* \(.*\)$/extern char \1;/p'\'''
lt_cv_sys_global_symbol_to_import=
lt_cv_sys_max_cmd_len=1572864
lt_cv_to_host_file_cmd=func_convert_file_noop
lt_cv_to_tool_file_cmd=func_convert_file_noop
lt_cv_truncate_bin='/usr/bin/dd bs=4096 count=1'
mpfr_cv_c_double_format='IEEE double, little endian'
mpfr_cv_c_long_double_format='IEEE extended, little endian (16 bytes)'
mpfr_cv_check_gmp=yes
mpfr_cv_dbl_int_bug=no
mpfr_cv_errdivzero=no
mpfr_cv_gcc_floatconv_bug=no
mpfr_cv_have_builtin_unreachable=yes
mpfr_cv_have_fesetround=yes
mpfr_cv_have_intmax_max=yes
mpfr_cv_have_noreturn=yes
mpfr_cv_have_signedz=yes
mpfr_cv_have_subnorm_dbl=yes
mpfr_cv_have_subnorm_flt=yes
mpfr_cv_intmax_within_limb=yes
mpfr_cv_long_within_limb=yes
mpfr_cv_nanisnan=no

## ----------------- ##
## Output variables. ##
## ----------------- ##

ACLOCAL='${SHELL} '\''/workspace/CDAC/Dependencies/mpfr-4.2.1/missing'\'' aclocal-1.16'
ALLOCA=''
AMDEPBACKSLASH='\'
AMDEP_FALSE='#'
AMDEP_TRUE=''
AMTAR='$${TAR-tar}'
AM_BACKSLASH='\'
AM_DEFAULT_V='$(AM_DEFAULT_VERBOSITY)'
AM_DEFAULT_VERBOSITY='1'
AM_V='$(V)'
AR='ar'
AS='as'
AUTOCONF='${SHELL} '\''/workspace/CDAC/Dependencies/mpfr-4.2.1/missing'\'' autoconf'
AUTOHEADER='${SHELL} '\''/workspace/CDAC/Dependencies/mpfr-4.2.1/missing'\'' autoheader'
AUTOMAKE='${SHELL} '\''/workspace/CDAC/Dependencies/mpfr-4.2.1/missing'\'' automake-1.16'
AWK='gawk'
CC='x86_64-linux-gnu-gcc'
CCDEPMODE='depmode=gcc3'
CFLAGS='-Wall -Wmissing-prototypes -Wc++-compat -Wpointer-arith -g -O2 -ffile-prefix-map=/build/gmp-Wr5pU1/gmp-6.2.1+dfsg=. -flto=auto -ffat-lto-objects -flto=auto -ffat-lto-objects -fstack-protector-strong -Wformat -Werror=format-security -O3'
CPP='x86_64-linux-gnu-gcc -E'
CPPFLAGS=''
CSCOPE='cscope'
CTAGS='ctags'
CYGPATH_W='echo'
DATAFILES=''
DEFS='-DHAVE_STDIO_H=1 -DHAVE_INTTYPES_H=1 -DHAVE_STDINT_H=1 -DLT_OBJDIR=\".libs/\" -DHAVE_LITTLE_ENDIAN=1 -DHAVE_CLOCK_GETTIME=1 -DHAVE_LOCALE_H=1 -DHAVE_WCHAR_H=1 -DHAVE_STDARG=1 -DHAVE_STRUCT_LCONV_DECIMAL_POINT=1 -DHAVE_STRUCT_LCONV_THOUSANDS_SEP=1 -DHAVE_ALLOCA_H=1 -DHAVE_ALLOCA=1 -DHAVE_UINTPTR_T=1 -DHAVE_VA_COPY=1 -DHAVE_SETLOCALE=1 -DHAVE_GETTIMEOFDAY=1 -DHAVE_SIGNAL=1 -DHAVE_SIGACTION=1 -DHAVE_LONG_LONG=1 -DHAVE_INTMAX_T=1 -DMPFR_HAVE_INTMAX_MAX=1 -DMPFR_HAVE_NORETURN=1 -DMPFR_HAVE_BUILTIN_UNREACHABLE=1 -DMPFR_HAVE_CONSTRUCTOR_ATTR=1 -DMPFR_HAVE_FESETROUND=1 -DHAVE_SUBNORM_DBL=1 -DHAVE_SUBNORM_FLT=1 -DHAVE_SIGNEDZ=1 -DHAVE_ROUND=1 -DHAVE_TRUNC=1 -DHAVE_FLOOR=1 -DHAVE_CEIL=1 -DHAVE_NEARBYINT=1 -DHAVE_DOUBLE_IEEE_LITTLE_ENDIAN=1 -DHAVE_LDOUBLE_IEEE_EXT_LITTLE=1 -DMPFR_USE_THREAD_SAFE=1 -DMPFR_USE_C11_THREAD_SAFE=1 -DMPFR_WANT_DECIMAL_FLOATS=1 -DDECIMAL_BID_FORMAT=1 -DHAVE_DECIMAL128_IEEE_LITTLE_ENDIAN=1 -DMPFR_WANT_FLOAT128=1 -DMPFR_USE_STATIC_ASSERT=1 -DHAVE_ATTRIBUTE_MODE=1 -DMPFR_LONG_WITHIN_LIMB=1 -DMPFR_INTMAX_WITHIN_LIMB=1 -DPRINTF_L=1 -DPRINTF_T=1 -DPRINTF_GROUPFLAG=1 -DHAVE___GMPN_SBPI1_DIVAPPR_Q=1 -DHAVE___GMPN_INVERT_LIMB=1 -DHAVE___GMPN_RSBLSH1_N=1 -DHAVE_GETRUSAGE=1'
DEPDIR='.deps'
DLLTOOL='false'
DSYMUTIL=''
DUMPBIN=''
ECHO_C=''
ECHO_N='-n'
ECHO_T=''
EGREP='/usr/bin/grep -E'
ETAGS='etags'
EXEEXT=''
FGREP='/usr/bin/grep -F'
FILECMD='file'
GREP='/usr/bin/grep'
INSTALL_DATA='${INSTALL} -m 644'
INSTALL_PROGRAM='${INSTALL}'
INSTALL_SCRIPT='${INSTALL}'
INSTALL_STRIP_PROGRAM='$(install_sh) -c -s'
LD='/usr/bin/ld -m elf_x86_64'
LDFLAGS=''
LIBMPFR_LDFLAGS=''
LIBOBJS=''
LIBS='-lgmp '
LIBTOOL='$(SHELL) $(top_builddir)/libtool'
LIPO=''
LN_S='ln -s'
LTLIBOBJS=''
LT_SYS_LIBRARY_PATH=''
MAINT=''
MAINTAINER_MODE_FALSE='#'
MAINTAINER_MODE_TRUE=''
MAKEINFO='${SHELL} '\''/workspace/CDAC/Dependencies/mpfr-4.2.1/missing'\'' makeinfo'
MANIFEST_TOOL=':'
MINI_GMP_FALSE=''
MINI_GMP_TRUE='#'
MKDIR_P='/usr/bin/mkdir -p'
MPFR_LDFLAGS=''
MPFR_LIBM='-lm'
MPFR_LIBQUADMATH='-lquadmath'
NM='/usr/bin/nm -B'
NMEDIT=''
OBJDUMP='objdump'
OBJEXT='o'
OTOOL64=''
OTOOL=''
PACKAGE='mpfr'
PACKAGE_BUGREPORT=''
PACKAGE_NAME='MPFR'
PACKAGE_STRING='MPFR 4.2.1'
PACKAGE_TARNAME='mpfr'
PACKAGE_URL=''
PACKAGE_VERSION='4.2.1'
PATH_SEPARATOR=':'
PTHREAD_CC=''
PTHREAD_CFLAGS=''
PTHREAD_CXX=''
PTHREAD_LIBS=''
RANLIB='ranlib'
SED='/usr/bin/sed'
SET_MAKE=''
SHELL='/bin/bash'
STRIP='strip'
TUNE_LIBS=''
VERSION='4.2.1'
ac_ct_AR='ar'
ac_ct_CC='x86_64-linux-gnu-gcc'
ac_ct_DUMPBIN=''
am__EXEEXT_FALSE=''
am__EXEEXT_TRUE='#'
am__fastdepCC_FALSE='#'
am__fastdepCC_TRUE=''
am__include='include'
am__isrc=''
am__leading_dot='.'
am__nodep='_no'
am__quote=''
am__tar='$${TAR-tar} chof - "$$tardir"'
am__untar='$${TAR-tar} xf -'
ax_pthread_config=''
bindir='${exec_prefix}/bin'
build='x86_64-pc-linux-gnu'
build_alias=''
build_cpu='x86_64'
build_os='linux-gnu'
build_vendor='pc'
datadir='${datarootdir}'
datarootdir='${prefix}/share'
docdir='${datarootdir}/doc/${PACKAGE_TARNAME}'
dvidir='${docdir}'
exec_prefix='${prefix}'
host='x86_64-pc-linux-gnu'
host_alias=''
host_cpu='x86_64'
host_os='linux-gnu'
host_vendor='pc'
htmldir='${docdir}'
includedir='${prefix}/include'
infodir='${datarootdir}/info'
install_sh='${SHELL} /workspace/CDAC/Dependencies/mpfr-4.2.1/install-sh'
libdir='${exec_prefix}/lib'
libexecdir='${exec_prefix}/libexec'
localedir='${datarootdir}/locale'
localstatedir='${prefix}/var'
mandir='${datarootdir}/man'
mini_gmp_path=''
mkdir_p='$(MKDIR_P)'
oldincludedir='/usr/include'
pdfdir='${docdir}'
prefix='/usr/local'
program_transform_name='s,x,x,'
psdir='${docdir}'
runstatedir='${localstatedir}/run'
sbindir='${exec_prefix}/sbin'
sharedstatedir='${prefix}/com'
sysconfdir='${prefix}/etc'
target_alias=''

## ----------- ##
## confdefs.h. ##
## ----------- ##

/* confdefs.h */
#define HAVE_STDIO_H 1
#define HAVE_INTTYPES_H 1
#define HAVE_STDINT_H 1
#define LT_OBJDIR ".libs/"
#define HAVE_LITTLE_ENDIAN 1
#define HAVE_CLOCK_GETTIME 1
#define HAVE_LOCALE_H 1
#define HAVE_WCHAR_H 1
#define HAVE_STDARG 1
#define HAVE_STRUCT_LCONV_DECIMAL_POINT 1
#define HAVE_STRUCT_LCONV_THOUSANDS_SEP 1
#define HAVE_ALLOCA_H 1
#define HAVE_ALLOCA 1
#define HAVE_UINTPTR_T 1
#define HAVE_VA_COPY 1
#define HAVE_SETLOCALE 1
#define HAVE_GETTIMEOFDAY 1
#define HAVE_SIGNAL 1
#define HAVE_SIGACTION 1
#define HAVE_LONG_LONG 1
#define HAVE_INTMAX_T 1
#define MPFR_HAVE_INTMAX_MAX 1
#define MPFR_HAVE_NORETURN 1
#define MPFR_HAVE_BUILTIN_UNREACHABLE 1
#define MPFR_HAVE_CONSTRUCTOR_ATTR 1
#define MPFR_HAVE_FESETROUND 1
#define HAVE_SUBNORM_DBL 1
#define HAVE_SUBNORM_FLT 1
#define HAVE_SIGNEDZ 1
#define HAVE_ROUND 1
#define HAVE_TRUNC 1
#define HAVE_FLOOR 1
#define HAVE_CEIL 1
#define HAVE_NEARBYINT 1
#define HAVE_DOUBLE_IEEE_LITTLE_ENDIAN 1
#define HAVE_LDOUBLE_IEEE_EXT_LITTLE 1
#define MPFR_USE_THREAD_SAFE 1
#define MPFR_USE_C11_THREAD_SAFE 1
#define MPFR_WANT_DECIMAL_FLOATS 1
#define DECIMAL_BID_FORMAT 1
#define HAVE_DECIMAL128_IEEE_LITTLE_ENDIAN 1
#define MPFR_WANT_FLOAT128 1
#define MPFR_USE_STATIC_ASSERT 1
#define HAVE_ATTRIBUTE_MODE 1
#define MPFR_LONG_WITHIN_LIMB 1
#define MPFR_INTMAX_WITHIN_LIMB 1
#define PRINTF_L 1
#define PRINTF_T 1
#define PRINTF_GROUPFLAG 1
#define HAVE___GMPN_SBPI1_DIVAPPR_Q 1
#define HAVE___GMPN_INVERT_LIMB 1
#define HAVE___GMPN_RSBLSH1_N 1
#define HAVE_GETRUSAGE 1

configure: exit 0
